{"C:/Users/sange/CSE416/Final/Brokeify/client/src/pages/Login.jsx":{"path":"C:/Users/sange/CSE416/Final/Brokeify/client/src/pages/Login.jsx","statementMap":{"0":{"start":{"line":3,"column":20},"end":{"line":3,"column":97}},"1":{"start":{"line":6,"column":0},"end":{"line":16,"column":1}},"2":{"start":{"line":7,"column":2},"end":{"line":9,"column":3}},"3":{"start":{"line":8,"column":4},"end":{"line":8,"column":165}},"4":{"start":{"line":10,"column":2},"end":{"line":10,"column":39}},"5":{"start":{"line":11,"column":2},"end":{"line":11,"column":39}},"6":{"start":{"line":12,"column":2},"end":{"line":14,"column":4}},"7":{"start":{"line":13,"column":4},"end":{"line":13,"column":107}},"8":{"start":{"line":15,"column":2},"end":{"line":15,"column":75}},"9":{"start":{"line":17,"column":9},"end":{"line":17,"column":23}},"10":{"start":{"line":22,"column":14},"end":{"line":121,"column":1}},"11":{"start":{"line":23,"column":2},"end":{"line":23,"column":7}},"12":{"start":{"line":24,"column":19},"end":{"line":24,"column":32}},"13":{"start":{"line":25,"column":2},"end":{"line":29,"column":27}},"14":{"start":{"line":26,"column":4},"end":{"line":28,"column":5}},"15":{"start":{"line":27,"column":6},"end":{"line":27,"column":24}},"16":{"start":{"line":30,"column":2},"end":{"line":120,"column":11}},"17":{"start":{"line":77,"column":10},"end":{"line":77,"column":38}},"18":{"start":{"line":91,"column":10},"end":{"line":91,"column":43}},"19":{"start":{"line":122,"column":0},"end":{"line":124,"column":3}},"20":{"start":{"line":123,"column":2},"end":{"line":123,"column":23}},"21":{"start":{"line":125,"column":0},"end":{"line":125,"column":11}},"22":{"start":{"line":126,"column":0},"end":{"line":128,"column":2}},"23":{"start":{"line":131,"column":0},"end":{"line":131,"column":26}},"24":{"start":{"line":132,"column":0},"end":{"line":135,"column":1}},"25":{"start":{"line":133,"column":2},"end":{"line":133,"column":39}},"26":{"start":{"line":134,"column":2},"end":{"line":134,"column":39}},"27":{"start":{"line":136,"column":0},"end":{"line":145,"column":1}},"28":{"start":{"line":137,"column":2},"end":{"line":144,"column":5}},"29":{"start":{"line":138,"column":4},"end":{"line":138,"column":133}},"30":{"start":{"line":139,"column":4},"end":{"line":143,"column":7}},"31":{"start":{"line":140,"column":6},"end":{"line":140,"column":31}},"32":{"start":{"line":140,"column":24},"end":{"line":140,"column":31}},"33":{"start":{"line":141,"column":32},"end":{"line":141,"column":182}},"34":{"start":{"line":142,"column":6},"end":{"line":142,"column":75}},"35":{"start":{"line":142,"column":29},"end":{"line":142,"column":75}}},"fnMap":{"0":{"name":"(anonymous_0)","decl":{"start":{"line":12,"column":24},"end":{"line":12,"column":25}},"loc":{"start":{"line":12,"column":38},"end":{"line":14,"column":3}},"line":12},"1":{"name":"(anonymous_1)","decl":{"start":{"line":22,"column":14},"end":{"line":22,"column":15}},"loc":{"start":{"line":22,"column":32},"end":{"line":121,"column":1}},"line":22},"2":{"name":"(anonymous_2)","decl":{"start":{"line":25,"column":12},"end":{"line":25,"column":13}},"loc":{"start":{"line":25,"column":18},"end":{"line":29,"column":3}},"line":25},"3":{"name":"(anonymous_3)","decl":{"start":{"line":76,"column":160},"end":{"line":76,"column":161}},"loc":{"start":{"line":76,"column":166},"end":{"line":78,"column":9}},"line":76},"4":{"name":"(anonymous_4)","decl":{"start":{"line":90,"column":131},"end":{"line":90,"column":132}},"loc":{"start":{"line":90,"column":137},"end":{"line":92,"column":9}},"line":90},"5":{"name":"(anonymous_5)","decl":{"start":{"line":122,"column":49},"end":{"line":122,"column":50}},"loc":{"start":{"line":122,"column":60},"end":{"line":124,"column":1}},"line":122},"6":{"name":"(anonymous_6)","decl":{"start":{"line":137,"column":52},"end":{"line":137,"column":53}},"loc":{"start":{"line":137,"column":72},"end":{"line":144,"column":3}},"line":137},"7":{"name":"(anonymous_7)","decl":{"start":{"line":139,"column":27},"end":{"line":139,"column":28}},"loc":{"start":{"line":139,"column":44},"end":{"line":143,"column":5}},"line":139}},"branchMap":{"0":{"loc":{"start":{"line":3,"column":20},"end":{"line":3,"column":97}},"type":"binary-expr","locations":[{"start":{"line":3,"column":20},"end":{"line":3,"column":60}},{"start":{"line":3,"column":64},"end":{"line":3,"column":97}}],"line":3},"1":{"loc":{"start":{"line":6,"column":0},"end":{"line":16,"column":1}},"type":"if","locations":[{"start":{"line":6,"column":0},"end":{"line":16,"column":1}},{"start":{},"end":{}}],"line":6},"2":{"loc":{"start":{"line":6,"column":4},"end":{"line":6,"column":35}},"type":"binary-expr","locations":[{"start":{"line":6,"column":4},"end":{"line":6,"column":19}},{"start":{"line":6,"column":23},"end":{"line":6,"column":35}}],"line":6},"3":{"loc":{"start":{"line":7,"column":2},"end":{"line":9,"column":3}},"type":"if","locations":[{"start":{"line":7,"column":2},"end":{"line":9,"column":3}},{"start":{},"end":{}}],"line":7},"4":{"loc":{"start":{"line":26,"column":4},"end":{"line":28,"column":5}},"type":"if","locations":[{"start":{"line":26,"column":4},"end":{"line":28,"column":5}},{"start":{},"end":{}}],"line":26},"5":{"loc":{"start":{"line":132,"column":0},"end":{"line":135,"column":1}},"type":"if","locations":[{"start":{"line":132,"column":0},"end":{"line":135,"column":1}},{"start":{},"end":{}}],"line":132},"6":{"loc":{"start":{"line":132,"column":4},"end":{"line":132,"column":35}},"type":"binary-expr","locations":[{"start":{"line":132,"column":4},"end":{"line":132,"column":19}},{"start":{"line":132,"column":23},"end":{"line":132,"column":35}}],"line":132},"7":{"loc":{"start":{"line":136,"column":0},"end":{"line":145,"column":1}},"type":"if","locations":[{"start":{"line":136,"column":0},"end":{"line":145,"column":1}},{"start":{},"end":{}}],"line":136},"8":{"loc":{"start":{"line":136,"column":4},"end":{"line":136,"column":35}},"type":"binary-expr","locations":[{"start":{"line":136,"column":4},"end":{"line":136,"column":19}},{"start":{"line":136,"column":23},"end":{"line":136,"column":35}}],"line":136},"9":{"loc":{"start":{"line":140,"column":6},"end":{"line":140,"column":31}},"type":"if","locations":[{"start":{"line":140,"column":6},"end":{"line":140,"column":31}},{"start":{},"end":{}}],"line":140},"10":{"loc":{"start":{"line":142,"column":6},"end":{"line":142,"column":75}},"type":"if","locations":[{"start":{"line":142,"column":6},"end":{"line":142,"column":75}},{"start":{},"end":{}}],"line":142}},"s":{"0":1,"1":1,"2":1,"3":0,"4":1,"5":1,"6":1,"7":1,"8":1,"9":1,"10":1,"11":0,"12":0,"13":0,"14":0,"15":0,"16":0,"17":0,"18":0,"19":1,"20":0,"21":1,"22":1,"23":1,"24":1,"25":1,"26":1,"27":1,"28":1,"29":1,"30":1,"31":0,"32":0,"33":0,"34":0,"35":0},"f":{"0":1,"1":0,"2":0,"3":0,"4":0,"5":0,"6":1,"7":0},"b":{"0":[1,0],"1":[1,0],"2":[1,1],"3":[0,1],"4":[0,0],"5":[1,0],"6":[1,1],"7":[1,0],"8":[1,1],"9":[0,0],"10":[0,0]},"inputSourceMap":{"version":3,"mappings":"AAoBY;2BApBZ;AAAeA,MAAW,cAAQ,6BAAkB;AAAA;AAAA;AAAA;AAAA;AAAA;AAAA;AAAA;AAAA;AAAA;AAAA;AAAA;AAAA;AAAA;AAAA;AAAA;AACpD,SAASC,iBAAiB;AAC1B,OAAOC,eAAe;AAEtB,OAAOC,YAAY;AAEnB,MAAMC,QAAQA,CAAC,EAAEC,SAAS,MAAM;AAAAC,KAAA;AAC9B,QAAMC,WAAWP,YAAY;AAE7BC,YAAU,MAAM;AACd,QAAII,UAAU;AACZE,eAAS,OAAO;AAAA,IAClB;AAAA,EACF,GAAG,CAACA,UAAUF,QAAQ,CAAC;AAEvB,SACE,uBAAC,SAAI,IAAIF,OAAOK,OACd;AAAA,2BAAC,SAAI,WAAWL,OAAOM,MACrB;AAAA,6BAAC,SAAI,WAAWN,OAAOO,OACrB;AAAA,+BAAC,SAAI,WAAWP,OAAOQ,MACrB;AAAA,iCAAC,SAAI,KAAI,eAAT;AAAA;AAAA;AAAA;AAAA,iBAAqB;AAAA,UACrB,uBAAC,QAAG,wBAAJ;AAAA;AAAA;AAAA;AAAA,iBAAY;AAAA,aAFd;AAAA;AAAA;AAAA;AAAA,eAGA;AAAA,QACA,uBAAC,SAAI,WAAWR,OAAOS,UACrB;AAAA,iCAAC,QAAG,4BAAJ;AAAA;AAAA;AAAA;AAAA,iBAAgB;AAAA,UAChB,uBAAC,QAAG,0BAAJ;AAAA;AAAA;AAAA;AAAA,iBAAc;AAAA,UACd,uBAAC,QAAG,WAAWT,OAAOU,WAAW,4BAAjC;AAAA;AAAA;AAAA;AAAA,iBAA6C;AAAA,aAH/C;AAAA;AAAA;AAAA;AAAA,eAIA;AAAA,WATF;AAAA;AAAA;AAAA;AAAA,aAUA;AAAA,MACA,uBAAC,SAAI,WAAWV,OAAOW,SACrB;AAAA,+BAAC,QAAK,WAAW,GAAGX,OAAOY,MAAM,IAAIZ,OAAOa,YAAY,IAAI,IAAI,GAAGC,YAAYC,IAAIC,mBAAmB,gBAAgB,SAAS,MAAM;AAAEC,kBAAQC,IAAI,cAAc;AAAA,QAAE,GACjK;AAAA,iCAAC,SAAI,KAAI,0BAAyB,KAAI,iBAAtC;AAAA;AAAA;AAAA;AAAA,iBAAmD;AAAA,UAAG;AAAA,aADxD;AAAA;AAAA;AAAA;AAAA,eAGA;AAAA,QACA,uBAAC,QAAK,WAAWlB,OAAOY,QAAQ,IAAI,GAAGE,YAAYC,IAAIC,mBAAmB,eAAe,SAAS,MAAM;AAAEC,kBAAQC,IAAI,mBAAmB;AAAA,QAAE,GAAG,iCAA9I;AAAA;AAAA;AAAA;AAAA,eAEA;AAAA,WAPF;AAAA;AAAA;AAAA;AAAA,aAQA;AAAA,SApBF;AAAA;AAAA;AAAA;AAAA,WAqBA;AAAA,IACA,uBAAC,SAAI,WAAWlB,OAAOmB,OACrB,iCAAC,SAAI,KAAI,iCAAgC,KAAI,6BAA7C;AAAA;AAAA;AAAA;AAAA,WAAsE,KADxE;AAAA;AAAA;AAAA;AAAA,WAEA;AAAA,OAzBF;AAAA;AAAA;AAAA;AAAA,SA0BA;AAEJ;AAAChB,GAtCKF,OAAK;AAAA,UACQJ,WAAW;AAAA;AAAAuB,KADxBnB;AAuCNA,MAAMoB,YAAY;AAAA,EAChBnB,UAAUH,UAAUuB,KAAKC;AAC3B;AAEA,eAAetB;AAAM,IAAAmB;AAAAI,aAAAJ,IAAA","names":["useNavigate","useEffect","PropTypes","styles","Login","verified","_s","navigate","login","left","title","icon","subtitle","important","buttons","button","googleButton","import","env","VITE_SERVER_ADDRESS","console","log","right","_c","propTypes","bool","isRequired","$RefreshReg$"],"ignoreList":[],"sources":["C:/Users/sange/CSE416/Final/Brokeify/client/src/pages/Login.jsx"],"file":"C:/Users/sange/CSE416/Final/Brokeify/client/src/pages/Login.jsx"},"_coverageSchema":"1a1c01bbd47fc00a2c39e90264f33305004495a9","hash":"50fdf6b1b997e65eb838e9ace1b87baecd273c11"},"C:/Users/sange/CSE416/Final/Brokeify/client/src/components/Navbar.jsx":{"path":"C:/Users/sange/CSE416/Final/Brokeify/client/src/components/Navbar.jsx","statementMap":{"0":{"start":{"line":3,"column":20},"end":{"line":3,"column":97}},"1":{"start":{"line":6,"column":0},"end":{"line":16,"column":1}},"2":{"start":{"line":7,"column":2},"end":{"line":9,"column":3}},"3":{"start":{"line":8,"column":4},"end":{"line":8,"column":165}},"4":{"start":{"line":10,"column":2},"end":{"line":10,"column":39}},"5":{"start":{"line":11,"column":2},"end":{"line":11,"column":39}},"6":{"start":{"line":12,"column":2},"end":{"line":14,"column":4}},"7":{"start":{"line":13,"column":4},"end":{"line":13,"column":113}},"8":{"start":{"line":15,"column":2},"end":{"line":15,"column":75}},"9":{"start":{"line":20,"column":15},"end":{"line":105,"column":1}},"10":{"start":{"line":21,"column":2},"end":{"line":104,"column":11}},"11":{"start":{"line":64,"column":8},"end":{"line":64,"column":41}},"12":{"start":{"line":71,"column":8},"end":{"line":71,"column":45}},"13":{"start":{"line":78,"column":8},"end":{"line":78,"column":39}},"14":{"start":{"line":90,"column":6},"end":{"line":90,"column":34}},"15":{"start":{"line":106,"column":0},"end":{"line":106,"column":12}},"16":{"start":{"line":109,"column":0},"end":{"line":109,"column":27}},"17":{"start":{"line":110,"column":0},"end":{"line":113,"column":1}},"18":{"start":{"line":111,"column":2},"end":{"line":111,"column":39}},"19":{"start":{"line":112,"column":2},"end":{"line":112,"column":39}},"20":{"start":{"line":114,"column":0},"end":{"line":123,"column":1}},"21":{"start":{"line":115,"column":2},"end":{"line":122,"column":5}},"22":{"start":{"line":116,"column":4},"end":{"line":116,"column":139}},"23":{"start":{"line":117,"column":4},"end":{"line":121,"column":7}},"24":{"start":{"line":118,"column":6},"end":{"line":118,"column":31}},"25":{"start":{"line":118,"column":24},"end":{"line":118,"column":31}},"26":{"start":{"line":119,"column":32},"end":{"line":119,"column":188}},"27":{"start":{"line":120,"column":6},"end":{"line":120,"column":75}},"28":{"start":{"line":120,"column":29},"end":{"line":120,"column":75}}},"fnMap":{"0":{"name":"(anonymous_0)","decl":{"start":{"line":12,"column":24},"end":{"line":12,"column":25}},"loc":{"start":{"line":12,"column":38},"end":{"line":14,"column":3}},"line":12},"1":{"name":"(anonymous_1)","decl":{"start":{"line":20,"column":15},"end":{"line":20,"column":16}},"loc":{"start":{"line":20,"column":21},"end":{"line":105,"column":1}},"line":20},"2":{"name":"(anonymous_2)","decl":{"start":{"line":63,"column":85},"end":{"line":63,"column":86}},"loc":{"start":{"line":63,"column":91},"end":{"line":65,"column":7}},"line":63},"3":{"name":"(anonymous_3)","decl":{"start":{"line":70,"column":96},"end":{"line":70,"column":97}},"loc":{"start":{"line":70,"column":102},"end":{"line":72,"column":7}},"line":70},"4":{"name":"(anonymous_4)","decl":{"start":{"line":77,"column":91},"end":{"line":77,"column":92}},"loc":{"start":{"line":77,"column":97},"end":{"line":79,"column":7}},"line":77},"5":{"name":"(anonymous_5)","decl":{"start":{"line":89,"column":162},"end":{"line":89,"column":163}},"loc":{"start":{"line":89,"column":168},"end":{"line":91,"column":5}},"line":89},"6":{"name":"(anonymous_6)","decl":{"start":{"line":115,"column":52},"end":{"line":115,"column":53}},"loc":{"start":{"line":115,"column":72},"end":{"line":122,"column":3}},"line":115},"7":{"name":"(anonymous_7)","decl":{"start":{"line":117,"column":27},"end":{"line":117,"column":28}},"loc":{"start":{"line":117,"column":44},"end":{"line":121,"column":5}},"line":117}},"branchMap":{"0":{"loc":{"start":{"line":3,"column":20},"end":{"line":3,"column":97}},"type":"binary-expr","locations":[{"start":{"line":3,"column":20},"end":{"line":3,"column":60}},{"start":{"line":3,"column":64},"end":{"line":3,"column":97}}],"line":3},"1":{"loc":{"start":{"line":6,"column":0},"end":{"line":16,"column":1}},"type":"if","locations":[{"start":{"line":6,"column":0},"end":{"line":16,"column":1}},{"start":{},"end":{}}],"line":6},"2":{"loc":{"start":{"line":6,"column":4},"end":{"line":6,"column":35}},"type":"binary-expr","locations":[{"start":{"line":6,"column":4},"end":{"line":6,"column":19}},{"start":{"line":6,"column":23},"end":{"line":6,"column":35}}],"line":6},"3":{"loc":{"start":{"line":7,"column":2},"end":{"line":9,"column":3}},"type":"if","locations":[{"start":{"line":7,"column":2},"end":{"line":9,"column":3}},{"start":{},"end":{}}],"line":7},"4":{"loc":{"start":{"line":110,"column":0},"end":{"line":113,"column":1}},"type":"if","locations":[{"start":{"line":110,"column":0},"end":{"line":113,"column":1}},{"start":{},"end":{}}],"line":110},"5":{"loc":{"start":{"line":110,"column":4},"end":{"line":110,"column":35}},"type":"binary-expr","locations":[{"start":{"line":110,"column":4},"end":{"line":110,"column":19}},{"start":{"line":110,"column":23},"end":{"line":110,"column":35}}],"line":110},"6":{"loc":{"start":{"line":114,"column":0},"end":{"line":123,"column":1}},"type":"if","locations":[{"start":{"line":114,"column":0},"end":{"line":123,"column":1}},{"start":{},"end":{}}],"line":114},"7":{"loc":{"start":{"line":114,"column":4},"end":{"line":114,"column":35}},"type":"binary-expr","locations":[{"start":{"line":114,"column":4},"end":{"line":114,"column":19}},{"start":{"line":114,"column":23},"end":{"line":114,"column":35}}],"line":114},"8":{"loc":{"start":{"line":118,"column":6},"end":{"line":118,"column":31}},"type":"if","locations":[{"start":{"line":118,"column":6},"end":{"line":118,"column":31}},{"start":{},"end":{}}],"line":118},"9":{"loc":{"start":{"line":120,"column":6},"end":{"line":120,"column":75}},"type":"if","locations":[{"start":{"line":120,"column":6},"end":{"line":120,"column":75}},{"start":{},"end":{}}],"line":120}},"s":{"0":1,"1":1,"2":1,"3":0,"4":1,"5":1,"6":1,"7":1,"8":1,"9":1,"10":8,"11":0,"12":0,"13":0,"14":0,"15":1,"16":1,"17":1,"18":1,"19":1,"20":1,"21":1,"22":1,"23":1,"24":0,"25":0,"26":0,"27":0,"28":0},"f":{"0":1,"1":8,"2":0,"3":0,"4":0,"5":0,"6":1,"7":0},"b":{"0":[1,0],"1":[1,0],"2":[1,1],"3":[0,1],"4":[1,0],"5":[1,1],"6":[1,0],"7":[1,1],"8":[0,0],"9":[0,0]},"inputSourceMap":{"version":3,"mappings":"AAQQ;AARR,OAAOA,oBAAW;AAAqB;AAAA;AAAA;AAAA;AAAA;AAAA;AAAA;AAAA;AAAA;AAAA;AAAA;AAAA;AAAA;AAAA;AAAA;AACvC,SAASC,YAAY;AACrB,SAASC,cAAc;AAEvB,MAAMC,SAASA,MAAM;AACnB,SACE,uBAAC,SAAI,WAAWH,MAAMI,QACpB;AAAA,2BAAC,SAAI,WAAWJ,MAAMK,OACpB;AAAA,6BAAC,SAAI,IAAIL,MAAMM,SAAS,KAAI,eAA5B;AAAA;AAAA;AAAA;AAAA,aAAwC;AAAA,MACxC,uBAAC,QAAG,IAAIN,MAAMO,UAAU,yBAAxB;AAAA;AAAA;AAAA;AAAA,aAAiC;AAAA,SAFnC;AAAA;AAAA;AAAA;AAAA,WAGA;AAAA,IACA;AAAA,MAAC;AAAA;AAAA,QACC,IAAIP,MAAMQ;AAAAA,QACV,IAAG;AAAA,QACH,WAAWR,MAAMQ;AAAAA,QAEjB;AAAA,iCAAC,YAAD;AAAA;AAAA;AAAA;AAAA,iBAAO;AAAA,UAAG;AAAA;AAAA;AAAA,MALZ;AAAA;AAAA;AAAA;AAAA;AAAA;AAAA;AAAA;AAAA,IAMA;AAAA,IACA,uBAAC,SAAI,WAAWR,MAAMS,UACpB;AAAA,6BAAC,QAAK,IAAG,SAAQ,WAAWT,MAAMU,SAAS,SAAS,MAAM;AAAEC,gBAAQC,IAAI,mBAAmB;AAAA,MAAE,GAAG,4BAAhG;AAAA;AAAA;AAAA;AAAA,aAA4G;AAAA,MAC5G,uBAAC,QAAK,IAAG,oBAAmB,WAAWZ,MAAMU,SAAS,SAAS,MAAM;AAAEC,gBAAQC,IAAI,uBAAuB;AAAA,MAAE,GAAG,gCAA/G;AAAA;AAAA;AAAA;AAAA,aAA+H;AAAA,MAC/H,uBAAC,QAAK,IAAG,eAAc,WAAWZ,MAAMU,SAAS,SAAS,MAAM;AAAEC,gBAAQC,IAAI,iBAAiB;AAAA,MAAE,GAAG,0BAApG;AAAA;AAAA;AAAA;AAAA,aAA8G;AAAA,SAHhH;AAAA;AAAA;AAAA;AAAA,WAIA;AAAA,IAEA,uBAAC,SAAI,WAAWZ,MAAMa,aAEpB,iCAAC,QAAK,IAAG,YAAW,WAAWb,MAAMa,aAAa,SAAS,MAAM;AAAEF,cAAQC,IAAI,cAAc;AAAA,IAAE,GAAG,0BAAlG;AAAA;AAAA;AAAA;AAAA,WAEA,KAJF;AAAA;AAAA;AAAA;AAAA,WAMA;AAAA,OAxBF;AAAA;AAAA;AAAA;AAAA,SAyBA;AAEJ;AAACE,KA7BKX;AA+BN,eAAeA;AAAO,IAAAW;AAAAC,aAAAD,IAAA","names":["style","Link","FaPlus","Navbar","navbar","title","iconImg","navTitle","createButton","navLinks","navLink","console","log","profileLink","_c","$RefreshReg$"],"ignoreList":[],"sources":["C:/Users/sange/CSE416/Final/Brokeify/client/src/components/Navbar.jsx"],"file":"C:/Users/sange/CSE416/Final/Brokeify/client/src/components/Navbar.jsx"},"_coverageSchema":"1a1c01bbd47fc00a2c39e90264f33305004495a9","hash":"354988920575dc41846c20d1fd4a2c7881cb63fa"},"C:/Users/sange/CSE416/Final/Brokeify/client/src/components/ModalBase.jsx":{"path":"C:/Users/sange/CSE416/Final/Brokeify/client/src/components/ModalBase.jsx","statementMap":{"0":{"start":{"line":3,"column":20},"end":{"line":3,"column":97}},"1":{"start":{"line":6,"column":0},"end":{"line":16,"column":1}},"2":{"start":{"line":7,"column":2},"end":{"line":9,"column":3}},"3":{"start":{"line":8,"column":4},"end":{"line":8,"column":165}},"4":{"start":{"line":10,"column":2},"end":{"line":10,"column":39}},"5":{"start":{"line":11,"column":2},"end":{"line":11,"column":39}},"6":{"start":{"line":12,"column":2},"end":{"line":14,"column":4}},"7":{"start":{"line":13,"column":4},"end":{"line":13,"column":116}},"8":{"start":{"line":15,"column":2},"end":{"line":15,"column":75}},"9":{"start":{"line":22,"column":0},"end":{"line":22,"column":29}},"10":{"start":{"line":23,"column":18},"end":{"line":68,"column":1}},"11":{"start":{"line":24,"column":2},"end":{"line":67,"column":4}},"12":{"start":{"line":69,"column":0},"end":{"line":69,"column":15}},"13":{"start":{"line":70,"column":0},"end":{"line":74,"column":2}},"14":{"start":{"line":77,"column":0},"end":{"line":77,"column":30}},"15":{"start":{"line":78,"column":0},"end":{"line":81,"column":1}},"16":{"start":{"line":79,"column":2},"end":{"line":79,"column":39}},"17":{"start":{"line":80,"column":2},"end":{"line":80,"column":39}},"18":{"start":{"line":82,"column":0},"end":{"line":91,"column":1}},"19":{"start":{"line":83,"column":2},"end":{"line":90,"column":5}},"20":{"start":{"line":84,"column":4},"end":{"line":84,"column":142}},"21":{"start":{"line":85,"column":4},"end":{"line":89,"column":7}},"22":{"start":{"line":86,"column":6},"end":{"line":86,"column":31}},"23":{"start":{"line":86,"column":24},"end":{"line":86,"column":31}},"24":{"start":{"line":87,"column":32},"end":{"line":87,"column":191}},"25":{"start":{"line":88,"column":6},"end":{"line":88,"column":75}},"26":{"start":{"line":88,"column":29},"end":{"line":88,"column":75}}},"fnMap":{"0":{"name":"(anonymous_0)","decl":{"start":{"line":12,"column":24},"end":{"line":12,"column":25}},"loc":{"start":{"line":12,"column":38},"end":{"line":14,"column":3}},"line":12},"1":{"name":"(anonymous_1)","decl":{"start":{"line":23,"column":18},"end":{"line":23,"column":19}},"loc":{"start":{"line":23,"column":53},"end":{"line":68,"column":1}},"line":23},"2":{"name":"(anonymous_2)","decl":{"start":{"line":83,"column":52},"end":{"line":83,"column":53}},"loc":{"start":{"line":83,"column":72},"end":{"line":90,"column":3}},"line":83},"3":{"name":"(anonymous_3)","decl":{"start":{"line":85,"column":27},"end":{"line":85,"column":28}},"loc":{"start":{"line":85,"column":44},"end":{"line":89,"column":5}},"line":85}},"branchMap":{"0":{"loc":{"start":{"line":3,"column":20},"end":{"line":3,"column":97}},"type":"binary-expr","locations":[{"start":{"line":3,"column":20},"end":{"line":3,"column":60}},{"start":{"line":3,"column":64},"end":{"line":3,"column":97}}],"line":3},"1":{"loc":{"start":{"line":6,"column":0},"end":{"line":16,"column":1}},"type":"if","locations":[{"start":{"line":6,"column":0},"end":{"line":16,"column":1}},{"start":{},"end":{}}],"line":6},"2":{"loc":{"start":{"line":6,"column":4},"end":{"line":6,"column":35}},"type":"binary-expr","locations":[{"start":{"line":6,"column":4},"end":{"line":6,"column":19}},{"start":{"line":6,"column":23},"end":{"line":6,"column":35}}],"line":6},"3":{"loc":{"start":{"line":7,"column":2},"end":{"line":9,"column":3}},"type":"if","locations":[{"start":{"line":7,"column":2},"end":{"line":9,"column":3}},{"start":{},"end":{}}],"line":7},"4":{"loc":{"start":{"line":78,"column":0},"end":{"line":81,"column":1}},"type":"if","locations":[{"start":{"line":78,"column":0},"end":{"line":81,"column":1}},{"start":{},"end":{}}],"line":78},"5":{"loc":{"start":{"line":78,"column":4},"end":{"line":78,"column":35}},"type":"binary-expr","locations":[{"start":{"line":78,"column":4},"end":{"line":78,"column":19}},{"start":{"line":78,"column":23},"end":{"line":78,"column":35}}],"line":78},"6":{"loc":{"start":{"line":82,"column":0},"end":{"line":91,"column":1}},"type":"if","locations":[{"start":{"line":82,"column":0},"end":{"line":91,"column":1}},{"start":{},"end":{}}],"line":82},"7":{"loc":{"start":{"line":82,"column":4},"end":{"line":82,"column":35}},"type":"binary-expr","locations":[{"start":{"line":82,"column":4},"end":{"line":82,"column":19}},{"start":{"line":82,"column":23},"end":{"line":82,"column":35}}],"line":82},"8":{"loc":{"start":{"line":86,"column":6},"end":{"line":86,"column":31}},"type":"if","locations":[{"start":{"line":86,"column":6},"end":{"line":86,"column":31}},{"start":{},"end":{}}],"line":86},"9":{"loc":{"start":{"line":88,"column":6},"end":{"line":88,"column":75}},"type":"if","locations":[{"start":{"line":88,"column":6},"end":{"line":88,"column":75}},{"start":{},"end":{}}],"line":88}},"s":{"0":1,"1":1,"2":1,"3":0,"4":1,"5":1,"6":1,"7":1,"8":1,"9":1,"10":1,"11":3,"12":1,"13":1,"14":1,"15":1,"16":1,"17":1,"18":1,"19":1,"20":1,"21":1,"22":0,"23":0,"24":0,"25":0,"26":0},"f":{"0":1,"1":3,"2":1,"3":0},"b":{"0":[1,0],"1":[1,0],"2":[1,1],"3":[0,1],"4":[1,0],"5":[1,1],"6":[1,0],"7":[1,1],"8":[0,0],"9":[0,0]},"inputSourceMap":{"version":3,"mappings":"AA0BQ;AA1BR,OAAOA,oBAAW;AAAa;AAAA;AAAA;AAAA;AAAA;AAAA;AAAA;AAAA;AAAA;AAAA;AAAA;AAAA;AAAA;AAAA;AAAA;AAC/B,OAAOC,eAAe;AAEtB,OAAOC,YAAY;AACnB,OAAOC,kBAAkB;AACzB,SAASC,sBAAsB;AAE/BJ,MAAMK,cAAc,OAAO;AAE3B,MAAMC,YAAYA,CAAC,EAAEC,QAAQC,SAASC,SAAS,MAAM;AAEnD,SACE;AAAA,IAAC;AAAA;AAAA,MACC;AAAA,MACA,gBAAgBD;AAAAA,MAChB,WAAWN,OAAOQ;AAAAA,MAClB,kBAAkBR,OAAOS;AAAAA,MACzB,2BAA2B;AAAA,MAC3B,kBAAkB;AAAA,MAClB,cAAa;AAAA,MAEb;AAAA;AAAA,UAAC;AAAA;AAAA,YACC,IAAIT,OAAOU;AAAAA,YACX,WAAWT,aAAaU;AAAAA,YACxB,SAASL;AAAAA,YAET,iCAAC,oBAAD;AAAA;AAAA;AAAA;AAAA,mBAAe;AAAA;AAAA,UALjB;AAAA;AAAA;AAAA;AAAA;AAAA;AAAA;AAAA;AAAA,QAMA;AAAA,QACCC;AAAAA;AAAAA;AAAAA,IAhBH;AAAA;AAAA;AAAA;AAAA;AAAA;AAAA;AAAA;AAAA,EAiBA;AAEJ;AAEAK,KAxBMR;AAyBNA,UAAUS,YAAY;AAAA,EACpBR,QAAQN,UAAUe,KAAKC;AAAAA,EACvBT,SAASP,UAAUiB,KAAKD;AAAAA,EACxBR,UAAUR,UAAUkB,KAAKF;AAC3B;AAEA,eAAeX;AAAU,IAAAQ;AAAAM,aAAAN,IAAA","names":["Modal","PropTypes","styles","buttonStyles","VscChromeClose","setAppElement","ModalBase","isOpen","onClose","children","modal","overlay","closeModalIcon","tableButton","_c","propTypes","bool","isRequired","func","node","$RefreshReg$"],"ignoreList":[],"sources":["C:/Users/sange/CSE416/Final/Brokeify/client/src/components/ModalBase.jsx"],"file":"C:/Users/sange/CSE416/Final/Brokeify/client/src/components/ModalBase.jsx"},"_coverageSchema":"1a1c01bbd47fc00a2c39e90264f33305004495a9","hash":"d4dc5d078dfca14405c8a8816732f10e87c05861"},"C:/Users/sange/CSE416/Final/Brokeify/client/src/components/ModalImport.jsx":{"path":"C:/Users/sange/CSE416/Final/Brokeify/client/src/components/ModalImport.jsx","statementMap":{"0":{"start":{"line":3,"column":20},"end":{"line":3,"column":97}},"1":{"start":{"line":6,"column":0},"end":{"line":16,"column":1}},"2":{"start":{"line":7,"column":2},"end":{"line":9,"column":3}},"3":{"start":{"line":8,"column":4},"end":{"line":8,"column":165}},"4":{"start":{"line":10,"column":2},"end":{"line":10,"column":39}},"5":{"start":{"line":11,"column":2},"end":{"line":11,"column":39}},"6":{"start":{"line":12,"column":2},"end":{"line":14,"column":4}},"7":{"start":{"line":13,"column":4},"end":{"line":13,"column":118}},"8":{"start":{"line":15,"column":2},"end":{"line":15,"column":75}},"9":{"start":{"line":17,"column":9},"end":{"line":17,"column":23}},"10":{"start":{"line":25,"column":20},"end":{"line":118,"column":1}},"11":{"start":{"line":26,"column":2},"end":{"line":26,"column":7}},"12":{"start":{"line":27,"column":19},"end":{"line":27,"column":32}},"13":{"start":{"line":28,"column":19},"end":{"line":28,"column":32}},"14":{"start":{"line":29,"column":16},"end":{"line":29,"column":86}},"15":{"start":{"line":30,"column":22},"end":{"line":30,"column":132}},"16":{"start":{"line":31,"column":26},"end":{"line":31,"column":40}},"17":{"start":{"line":32,"column":30},"end":{"line":32,"column":44}},"18":{"start":{"line":33,"column":27},"end":{"line":37,"column":3}},"19":{"start":{"line":34,"column":4},"end":{"line":36,"column":5}},"20":{"start":{"line":35,"column":6},"end":{"line":35,"column":33}},"21":{"start":{"line":38,"column":23},"end":{"line":70,"column":3}},"22":{"start":{"line":39,"column":4},"end":{"line":69,"column":5}},"23":{"start":{"line":40,"column":6},"end":{"line":68,"column":7}},"24":{"start":{"line":41,"column":8},"end":{"line":41,"column":69}},"25":{"start":{"line":42,"column":8},"end":{"line":42,"column":46}},"26":{"start":{"line":43,"column":25},"end":{"line":43,"column":39}},"27":{"start":{"line":44,"column":8},"end":{"line":44,"column":38}},"28":{"start":{"line":45,"column":25},"end":{"line":49,"column":9}},"29":{"start":{"line":50,"column":8},"end":{"line":50,"column":35}},"30":{"start":{"line":51,"column":8},"end":{"line":58,"column":9}},"31":{"start":{"line":52,"column":29},"end":{"line":52,"column":53}},"32":{"start":{"line":53,"column":10},"end":{"line":53,"column":46}},"33":{"start":{"line":54,"column":15},"end":{"line":58,"column":9}},"34":{"start":{"line":55,"column":10},"end":{"line":55,"column":24}},"35":{"start":{"line":57,"column":10},"end":{"line":57,"column":42}},"36":{"start":{"line":60,"column":8},"end":{"line":66,"column":9}},"37":{"start":{"line":61,"column":10},"end":{"line":61,"column":94}},"38":{"start":{"line":62,"column":15},"end":{"line":66,"column":9}},"39":{"start":{"line":63,"column":10},"end":{"line":63,"column":41}},"40":{"start":{"line":65,"column":10},"end":{"line":65,"column":42}},"41":{"start":{"line":67,"column":8},"end":{"line":67,"column":54}},"42":{"start":{"line":71,"column":22},"end":{"line":75,"column":3}},"43":{"start":{"line":72,"column":4},"end":{"line":72,"column":20}},"44":{"start":{"line":73,"column":4},"end":{"line":73,"column":18}},"45":{"start":{"line":74,"column":4},"end":{"line":74,"column":19}},"46":{"start":{"line":76,"column":2},"end":{"line":117,"column":11}},"47":{"start":{"line":119,"column":0},"end":{"line":121,"column":3}},"48":{"start":{"line":120,"column":2},"end":{"line":120,"column":36}},"49":{"start":{"line":122,"column":0},"end":{"line":122,"column":17}},"50":{"start":{"line":123,"column":0},"end":{"line":126,"column":2}},"51":{"start":{"line":129,"column":0},"end":{"line":129,"column":32}},"52":{"start":{"line":130,"column":0},"end":{"line":133,"column":1}},"53":{"start":{"line":131,"column":2},"end":{"line":131,"column":39}},"54":{"start":{"line":132,"column":2},"end":{"line":132,"column":39}},"55":{"start":{"line":134,"column":0},"end":{"line":143,"column":1}},"56":{"start":{"line":135,"column":2},"end":{"line":142,"column":5}},"57":{"start":{"line":136,"column":4},"end":{"line":136,"column":144}},"58":{"start":{"line":137,"column":4},"end":{"line":141,"column":7}},"59":{"start":{"line":138,"column":6},"end":{"line":138,"column":31}},"60":{"start":{"line":138,"column":24},"end":{"line":138,"column":31}},"61":{"start":{"line":139,"column":32},"end":{"line":139,"column":193}},"62":{"start":{"line":140,"column":6},"end":{"line":140,"column":75}},"63":{"start":{"line":140,"column":29},"end":{"line":140,"column":75}}},"fnMap":{"0":{"name":"(anonymous_0)","decl":{"start":{"line":12,"column":24},"end":{"line":12,"column":25}},"loc":{"start":{"line":12,"column":38},"end":{"line":14,"column":3}},"line":12},"1":{"name":"(anonymous_1)","decl":{"start":{"line":25,"column":20},"end":{"line":25,"column":21}},"loc":{"start":{"line":25,"column":45},"end":{"line":118,"column":1}},"line":25},"2":{"name":"(anonymous_2)","decl":{"start":{"line":33,"column":27},"end":{"line":33,"column":28}},"loc":{"start":{"line":33,"column":34},"end":{"line":37,"column":3}},"line":33},"3":{"name":"(anonymous_3)","decl":{"start":{"line":38,"column":23},"end":{"line":38,"column":24}},"loc":{"start":{"line":38,"column":35},"end":{"line":70,"column":3}},"line":38},"4":{"name":"(anonymous_4)","decl":{"start":{"line":71,"column":22},"end":{"line":71,"column":23}},"loc":{"start":{"line":71,"column":28},"end":{"line":75,"column":3}},"line":71},"5":{"name":"(anonymous_5)","decl":{"start":{"line":119,"column":55},"end":{"line":119,"column":56}},"loc":{"start":{"line":119,"column":66},"end":{"line":121,"column":1}},"line":119},"6":{"name":"(anonymous_6)","decl":{"start":{"line":135,"column":52},"end":{"line":135,"column":53}},"loc":{"start":{"line":135,"column":72},"end":{"line":142,"column":3}},"line":135},"7":{"name":"(anonymous_7)","decl":{"start":{"line":137,"column":27},"end":{"line":137,"column":28}},"loc":{"start":{"line":137,"column":44},"end":{"line":141,"column":5}},"line":137}},"branchMap":{"0":{"loc":{"start":{"line":3,"column":20},"end":{"line":3,"column":97}},"type":"binary-expr","locations":[{"start":{"line":3,"column":20},"end":{"line":3,"column":60}},{"start":{"line":3,"column":64},"end":{"line":3,"column":97}}],"line":3},"1":{"loc":{"start":{"line":6,"column":0},"end":{"line":16,"column":1}},"type":"if","locations":[{"start":{"line":6,"column":0},"end":{"line":16,"column":1}},{"start":{},"end":{}}],"line":6},"2":{"loc":{"start":{"line":6,"column":4},"end":{"line":6,"column":35}},"type":"binary-expr","locations":[{"start":{"line":6,"column":4},"end":{"line":6,"column":19}},{"start":{"line":6,"column":23},"end":{"line":6,"column":35}}],"line":6},"3":{"loc":{"start":{"line":7,"column":2},"end":{"line":9,"column":3}},"type":"if","locations":[{"start":{"line":7,"column":2},"end":{"line":9,"column":3}},{"start":{},"end":{}}],"line":7},"4":{"loc":{"start":{"line":29,"column":16},"end":{"line":29,"column":86}},"type":"cond-expr","locations":[{"start":{"line":29,"column":48},"end":{"line":29,"column":65}},{"start":{"line":29,"column":68},"end":{"line":29,"column":86}}],"line":29},"5":{"loc":{"start":{"line":30,"column":22},"end":{"line":30,"column":132}},"type":"cond-expr","locations":[{"start":{"line":30,"column":54},"end":{"line":30,"column":91}},{"start":{"line":30,"column":94},"end":{"line":30,"column":132}}],"line":30},"6":{"loc":{"start":{"line":34,"column":4},"end":{"line":36,"column":5}},"type":"if","locations":[{"start":{"line":34,"column":4},"end":{"line":36,"column":5}},{"start":{},"end":{}}],"line":34},"7":{"loc":{"start":{"line":39,"column":4},"end":{"line":69,"column":5}},"type":"if","locations":[{"start":{"line":39,"column":4},"end":{"line":69,"column":5}},{"start":{},"end":{}}],"line":39},"8":{"loc":{"start":{"line":46,"column":10},"end":{"line":46,"column":81}},"type":"cond-expr","locations":[{"start":{"line":46,"column":42},"end":{"line":46,"column":60}},{"start":{"line":46,"column":63},"end":{"line":46,"column":81}}],"line":46},"9":{"loc":{"start":{"line":51,"column":8},"end":{"line":58,"column":9}},"type":"if","locations":[{"start":{"line":51,"column":8},"end":{"line":58,"column":9}},{"start":{"line":54,"column":15},"end":{"line":58,"column":9}}],"line":51},"10":{"loc":{"start":{"line":54,"column":15},"end":{"line":58,"column":9}},"type":"if","locations":[{"start":{"line":54,"column":15},"end":{"line":58,"column":9}},{"start":{"line":56,"column":15},"end":{"line":58,"column":9}}],"line":54},"11":{"loc":{"start":{"line":60,"column":8},"end":{"line":66,"column":9}},"type":"if","locations":[{"start":{"line":60,"column":8},"end":{"line":66,"column":9}},{"start":{"line":62,"column":15},"end":{"line":66,"column":9}}],"line":60},"12":{"loc":{"start":{"line":60,"column":12},"end":{"line":60,"column":78}},"type":"binary-expr","locations":[{"start":{"line":60,"column":12},"end":{"line":60,"column":44}},{"start":{"line":60,"column":48},"end":{"line":60,"column":78}}],"line":60},"13":{"loc":{"start":{"line":62,"column":15},"end":{"line":66,"column":9}},"type":"if","locations":[{"start":{"line":62,"column":15},"end":{"line":66,"column":9}},{"start":{"line":64,"column":15},"end":{"line":66,"column":9}}],"line":62},"14":{"loc":{"start":{"line":62,"column":19},"end":{"line":62,"column":85}},"type":"binary-expr","locations":[{"start":{"line":62,"column":19},"end":{"line":62,"column":51}},{"start":{"line":62,"column":55},"end":{"line":62,"column":85}}],"line":62},"15":{"loc":{"start":{"line":92,"column":4},"end":{"line":96,"column":12}},"type":"binary-expr","locations":[{"start":{"line":92,"column":4},"end":{"line":92,"column":10}},{"start":{"line":92,"column":30},"end":{"line":96,"column":12}}],"line":92},"16":{"loc":{"start":{"line":130,"column":0},"end":{"line":133,"column":1}},"type":"if","locations":[{"start":{"line":130,"column":0},"end":{"line":133,"column":1}},{"start":{},"end":{}}],"line":130},"17":{"loc":{"start":{"line":130,"column":4},"end":{"line":130,"column":35}},"type":"binary-expr","locations":[{"start":{"line":130,"column":4},"end":{"line":130,"column":19}},{"start":{"line":130,"column":23},"end":{"line":130,"column":35}}],"line":130},"18":{"loc":{"start":{"line":134,"column":0},"end":{"line":143,"column":1}},"type":"if","locations":[{"start":{"line":134,"column":0},"end":{"line":143,"column":1}},{"start":{},"end":{}}],"line":134},"19":{"loc":{"start":{"line":134,"column":4},"end":{"line":134,"column":35}},"type":"binary-expr","locations":[{"start":{"line":134,"column":4},"end":{"line":134,"column":19}},{"start":{"line":134,"column":23},"end":{"line":134,"column":35}}],"line":134},"20":{"loc":{"start":{"line":138,"column":6},"end":{"line":138,"column":31}},"type":"if","locations":[{"start":{"line":138,"column":6},"end":{"line":138,"column":31}},{"start":{},"end":{}}],"line":138},"21":{"loc":{"start":{"line":140,"column":6},"end":{"line":140,"column":75}},"type":"if","locations":[{"start":{"line":140,"column":6},"end":{"line":140,"column":75}},{"start":{},"end":{}}],"line":140}},"s":{"0":1,"1":1,"2":1,"3":0,"4":1,"5":1,"6":1,"7":1,"8":1,"9":1,"10":1,"11":3,"12":3,"13":3,"14":3,"15":3,"16":3,"17":3,"18":3,"19":0,"20":0,"21":3,"22":0,"23":0,"24":0,"25":0,"26":0,"27":0,"28":0,"29":0,"30":0,"31":0,"32":0,"33":0,"34":0,"35":0,"36":0,"37":0,"38":0,"39":0,"40":0,"41":0,"42":3,"43":0,"44":0,"45":0,"46":3,"47":1,"48":1,"49":1,"50":1,"51":1,"52":1,"53":1,"54":1,"55":1,"56":1,"57":1,"58":1,"59":0,"60":0,"61":0,"62":0,"63":0},"f":{"0":1,"1":3,"2":0,"3":0,"4":0,"5":1,"6":1,"7":0},"b":{"0":[1,0],"1":[1,0],"2":[1,1],"3":[0,1],"4":[3,0],"5":[3,0],"6":[0,0],"7":[0,0],"8":[0,0],"9":[0,0],"10":[0,0],"11":[0,0],"12":[0,0],"13":[0,0],"14":[0,0],"15":[3,0],"16":[1,0],"17":[1,1],"18":[1,0],"19":[1,1],"20":[0,0],"21":[0,0]},"inputSourceMap":{"version":3,"mappings":"AAmEM;2BAnEN;AAAgB,MAAM,cAAY;AAAA;AAAA;AAAA;AAAA;AAAA;AAAA;AAAA;AAAA;AAAA;AAAA;AAAA;AAAA;AAAA;AAAA;AAAA;AAClC,SAASA,gBAAgB;AACzB,SAASC,aAAaC,mBAAmB;AACzC,OAAOC,WAAW;AAElB,OAAOC,eAAe;AACtB,OAAOC,YAAY;AACnB,OAAOC,kBAAkB;AAEzB,MAAMC,cAAcA,CAAC,EAAEC,QAAQC,QAAQ,MAAM;AAAAC,KAAA;AAE3C,QAAMC,WAAWV,YAAY;AAC7B,QAAMW,WAAWV,YAAY;AAC7B,QAAMW,QAAQF,SAASG,aAAa,UAAU,oBAAoB;AAClE,QAAMC,cAAcJ,SAASG,aAAa,UAAU,wCAAwC;AAE5F,QAAM,CAACE,MAAMC,OAAO,IAAIjB,SAAS,IAAI;AACrC,QAAM,CAACkB,QAAQC,SAAS,IAAInB,SAAS,IAAI;AAEzC,QAAMoB,mBAAmBA,CAACC,MAAM;AAC9B,QAAIA,EAAEC,OAAOC,OAAO;AAClBN,cAAQI,EAAEC,OAAOC,MAAM,CAAC,CAAC;AAAA,IAC3B;AAAA,EACF;AAEA,QAAMC,eAAe,YAAY;AAC/B,QAAIR,MAAM;AACR,UAAI;AACFb,cAAMsB,SAASC,UAAUC,YAAYC,IAAIC;AACzC1B,cAAMsB,SAASK,kBAAkB;AACjC,cAAMC,WAAW,IAAIC,SAAS;AAC9BD,iBAASE,OAAO,QAAQjB,IAAI;AAC5B,cAAMkB,WAAW,MAAM/B,MAAMgC;AAAAA,UAC3BxB,SAASG,aAAa,UAAU,qBAAqB;AAAA,UACrDiB;AAAAA,UACA,EAAEK,SAAS,EAAE,gBAAgB,sBAAsB,EAAE;AAAA,QACvD;AACAC,gBAAQC,IAAIJ,SAASK,IAAI;AACzB,YAAI5B,SAASG,aAAa,SAAS;AAEjC,gBAAM0B,aAAaN,SAASK,KAAKC;AACjC5B,mBAAS,aAAa4B,UAAU,EAAE;AAAA,QACpC,WAAW7B,SAASG,aAAa,YAAY;AAC3C2B,sBAAY;AAAA,QACd,OAAO;AACL,gBAAM,IAAIC,MAAM,cAAc;AAAA,QAChC;AAAA,MACF,SAASC,OAAO;AACd,YAAIhC,SAASG,aAAa,cAAc6B,MAAMT,UAAUhB,WAAW,KAAK;AACtEC,oBAAU,wEAAwE;AAAA,QACpF,WAAWR,SAASG,aAAa,cAAc6B,MAAMT,UAAUhB,WAAW,KAAK;AAC7EC,oBAAU,mBAAmB;AAAA,QAC/B,OAAO;AACLA,oBAAU,oBAAoB;AAAA,QAChC;AACAkB,gBAAQM,MAAM,yBAAyBA,KAAK;AAAA,MAC9C;AAAA,IACF;AAAA,EACF;AACA,QAAMF,cAAcA,MAAM;AACxBtB,cAAU,IAAI;AACdF,YAAQ,IAAI;AACZR,YAAQ,KAAK;AAAA,EACf;AAEA,SACE,uBAAC,aAAU,QAAgB,SAASgC,aAAa,IAAIpC,OAAOuC,OAC1D;AAAA,2BAAC,QAAG,WAAWvC,OAAOQ,OAAQA,mBAA9B;AAAA;AAAA;AAAA;AAAA,WAAoC;AAAA,IACpC,uBAAC,OAAGE,yBAAJ;AAAA;AAAA;AAAA;AAAA,WAAgB;AAAA,IAChB,uBAAC,WAAM,MAAK,QAAO,QAAO,eAAc,UAAUK,oBAAlD;AAAA;AAAA;AAAA;AAAA,WAAmE;AAAA,IAClEF,UAAU,uBAAC,OAAGA,oBAAJ;AAAA;AAAA;AAAA;AAAA,WAAW;AAAA,IACtB,uBAAC,SAAI,IAAIZ,aAAauC,YACpB;AAAA,6BAAC,YAAO,SAASJ,aAAa,WAAWnC,aAAawC,oBAAoB,sBAA1E;AAAA;AAAA;AAAA;AAAA,aAAgF;AAAA,MAChF,uBAAC,YAAO,SAAStB,cAAc,WAAWlB,aAAayC,kBAAkB,2BAAzE;AAAA;AAAA;AAAA;AAAA,aAAoF;AAAA,SAFtF;AAAA;AAAA;AAAA;AAAA,WAGA;AAAA,OARF;AAAA;AAAA;AAAA;AAAA,SASA;AAEJ;AAACrC,GApEKH,aAAW;AAAA,UAEEN,aACAC,WAAW;AAAA;AAAA8C,KAHxBzC;AAsENA,YAAY0C,YAAY;AAAA,EACtBzC,QAAQ0C,UAAUC,KAAKC;AAAAA,EACvB3C,SAASyC,UAAUG,KAAKD;AAC1B;AAEA,eAAe7C;AAAY,IAAAyC;AAAAM,aAAAN,IAAA","names":["useState","useLocation","useNavigate","Axios","ModalBase","styles","buttonStyles","ModalImport","isOpen","onClose","_s","location","navigate","title","pathname","description","file","setFile","status","setStatus","handleFileChange","e","target","files","handleUpload","defaults","baseURL","import","env","VITE_SERVER_ADDRESS","withCredentials","formData","FormData","append","response","post","headers","console","log","data","scenarioId","handleClose","Error","error","modal","navButtons","deemphasizedButton","emphasizedButton","_c","propTypes","PropTypes","bool","isRequired","func","$RefreshReg$"],"ignoreList":[],"sources":["C:/Users/sange/CSE416/Final/Brokeify/client/src/components/ModalImport.jsx"],"file":"C:/Users/sange/CSE416/Final/Brokeify/client/src/components/ModalImport.jsx"},"_coverageSchema":"1a1c01bbd47fc00a2c39e90264f33305004495a9","hash":"159c2b054f6b0ce243cdd0dcf481580a7e17d950"},"C:/Users/sange/CSE416/Final/Brokeify/client/src/components/Header.jsx":{"path":"C:/Users/sange/CSE416/Final/Brokeify/client/src/components/Header.jsx","statementMap":{"0":{"start":{"line":3,"column":20},"end":{"line":3,"column":97}},"1":{"start":{"line":6,"column":0},"end":{"line":16,"column":1}},"2":{"start":{"line":7,"column":2},"end":{"line":9,"column":3}},"3":{"start":{"line":8,"column":4},"end":{"line":8,"column":165}},"4":{"start":{"line":10,"column":2},"end":{"line":10,"column":39}},"5":{"start":{"line":11,"column":2},"end":{"line":11,"column":39}},"6":{"start":{"line":12,"column":2},"end":{"line":14,"column":4}},"7":{"start":{"line":13,"column":4},"end":{"line":13,"column":113}},"8":{"start":{"line":15,"column":2},"end":{"line":15,"column":75}},"9":{"start":{"line":17,"column":9},"end":{"line":17,"column":23}},"10":{"start":{"line":25,"column":15},"end":{"line":173,"column":1}},"11":{"start":{"line":26,"column":2},"end":{"line":26,"column":7}},"12":{"start":{"line":27,"column":48},"end":{"line":27,"column":63}},"13":{"start":{"line":28,"column":19},"end":{"line":28,"column":32}},"14":{"start":{"line":29,"column":15},"end":{"line":29,"column":32}},"15":{"start":{"line":30,"column":25},"end":{"line":56,"column":3}},"16":{"start":{"line":31,"column":4},"end":{"line":33,"column":5}},"17":{"start":{"line":32,"column":6},"end":{"line":32,"column":36}},"18":{"start":{"line":34,"column":4},"end":{"line":36,"column":5}},"19":{"start":{"line":35,"column":6},"end":{"line":35,"column":35}},"20":{"start":{"line":37,"column":4},"end":{"line":39,"column":5}},"21":{"start":{"line":38,"column":6},"end":{"line":38,"column":29}},"22":{"start":{"line":40,"column":4},"end":{"line":42,"column":5}},"23":{"start":{"line":41,"column":6},"end":{"line":41,"column":32}},"24":{"start":{"line":43,"column":4},"end":{"line":45,"column":5}},"25":{"start":{"line":44,"column":6},"end":{"line":44,"column":37}},"26":{"start":{"line":46,"column":4},"end":{"line":55,"column":5}},"27":{"start":{"line":48,"column":8},"end":{"line":48,"column":30}},"28":{"start":{"line":50,"column":8},"end":{"line":50,"column":34}},"29":{"start":{"line":52,"column":8},"end":{"line":52,"column":28}},"30":{"start":{"line":54,"column":8},"end":{"line":54,"column":26}},"31":{"start":{"line":57,"column":27},"end":{"line":156,"column":3}},"32":{"start":{"line":58,"column":4},"end":{"line":89,"column":5}},"33":{"start":{"line":59,"column":6},"end":{"line":88,"column":15}},"34":{"start":{"line":60,"column":26},"end":{"line":60,"column":41}},"35":{"start":{"line":61,"column":19},"end":{"line":61,"column":50}},"36":{"start":{"line":62,"column":8},"end":{"line":83,"column":9}},"37":{"start":{"line":63,"column":27},"end":{"line":63,"column":155}},"38":{"start":{"line":64,"column":23},"end":{"line":64,"column":78}},"39":{"start":{"line":65,"column":22},"end":{"line":65,"column":54}},"40":{"start":{"line":66,"column":20},"end":{"line":66,"column":47}},"41":{"start":{"line":67,"column":10},"end":{"line":67,"column":23}},"42":{"start":{"line":68,"column":30},"end":{"line":68,"column":69}},"43":{"start":{"line":69,"column":25},"end":{"line":69,"column":37}},"44":{"start":{"line":70,"column":10},"end":{"line":75,"column":11}},"45":{"start":{"line":71,"column":26},"end":{"line":71,"column":67}},"46":{"start":{"line":72,"column":12},"end":{"line":74,"column":13}},"47":{"start":{"line":73,"column":14},"end":{"line":73,"column":34}},"48":{"start":{"line":76,"column":10},"end":{"line":76,"column":32}},"49":{"start":{"line":77,"column":10},"end":{"line":77,"column":39}},"50":{"start":{"line":78,"column":10},"end":{"line":78,"column":20}},"51":{"start":{"line":79,"column":10},"end":{"line":79,"column":21}},"52":{"start":{"line":81,"column":10},"end":{"line":81,"column":58}},"53":{"start":{"line":82,"column":10},"end":{"line":82,"column":61}},"54":{"start":{"line":90,"column":4},"end":{"line":102,"column":5}},"55":{"start":{"line":91,"column":24},"end":{"line":91,"column":39}},"56":{"start":{"line":92,"column":17},"end":{"line":92,"column":48}},"57":{"start":{"line":93,"column":6},"end":{"line":101,"column":15}},"58":{"start":{"line":103,"column":4},"end":{"line":115,"column":5}},"59":{"start":{"line":104,"column":24},"end":{"line":104,"column":39}},"60":{"start":{"line":105,"column":17},"end":{"line":105,"column":48}},"61":{"start":{"line":106,"column":6},"end":{"line":114,"column":15}},"62":{"start":{"line":116,"column":4},"end":{"line":128,"column":5}},"63":{"start":{"line":117,"column":24},"end":{"line":117,"column":39}},"64":{"start":{"line":118,"column":17},"end":{"line":118,"column":48}},"65":{"start":{"line":119,"column":6},"end":{"line":127,"column":15}},"66":{"start":{"line":129,"column":4},"end":{"line":155,"column":5}},"67":{"start":{"line":131,"column":8},"end":{"line":146,"column":17}},"68":{"start":{"line":132,"column":60},"end":{"line":132,"column":84}},"69":{"start":{"line":148,"column":8},"end":{"line":152,"column":17}},"70":{"start":{"line":148,"column":61},"end":{"line":148,"column":79}},"71":{"start":{"line":154,"column":8},"end":{"line":154,"column":20}},"72":{"start":{"line":157,"column":2},"end":{"line":172,"column":11}},"73":{"start":{"line":174,"column":0},"end":{"line":176,"column":3}},"74":{"start":{"line":175,"column":2},"end":{"line":175,"column":23}},"75":{"start":{"line":177,"column":0},"end":{"line":177,"column":12}},"76":{"start":{"line":178,"column":0},"end":{"line":180,"column":2}},"77":{"start":{"line":183,"column":0},"end":{"line":183,"column":27}},"78":{"start":{"line":184,"column":0},"end":{"line":187,"column":1}},"79":{"start":{"line":185,"column":2},"end":{"line":185,"column":39}},"80":{"start":{"line":186,"column":2},"end":{"line":186,"column":39}},"81":{"start":{"line":188,"column":0},"end":{"line":197,"column":1}},"82":{"start":{"line":189,"column":2},"end":{"line":196,"column":5}},"83":{"start":{"line":190,"column":4},"end":{"line":190,"column":139}},"84":{"start":{"line":191,"column":4},"end":{"line":195,"column":7}},"85":{"start":{"line":192,"column":6},"end":{"line":192,"column":31}},"86":{"start":{"line":192,"column":24},"end":{"line":192,"column":31}},"87":{"start":{"line":193,"column":32},"end":{"line":193,"column":188}},"88":{"start":{"line":194,"column":6},"end":{"line":194,"column":75}},"89":{"start":{"line":194,"column":29},"end":{"line":194,"column":75}}},"fnMap":{"0":{"name":"(anonymous_0)","decl":{"start":{"line":12,"column":24},"end":{"line":12,"column":25}},"loc":{"start":{"line":12,"column":38},"end":{"line":14,"column":3}},"line":12},"1":{"name":"(anonymous_1)","decl":{"start":{"line":25,"column":15},"end":{"line":25,"column":16}},"loc":{"start":{"line":25,"column":36},"end":{"line":173,"column":1}},"line":25},"2":{"name":"(anonymous_2)","decl":{"start":{"line":30,"column":25},"end":{"line":30,"column":26}},"loc":{"start":{"line":30,"column":31},"end":{"line":56,"column":3}},"line":30},"3":{"name":"(anonymous_3)","decl":{"start":{"line":57,"column":27},"end":{"line":57,"column":28}},"loc":{"start":{"line":57,"column":33},"end":{"line":156,"column":3}},"line":57},"4":{"name":"(anonymous_4)","decl":{"start":{"line":59,"column":98},"end":{"line":59,"column":99}},"loc":{"start":{"line":59,"column":110},"end":{"line":84,"column":7}},"line":59},"5":{"name":"(anonymous_5)","decl":{"start":{"line":132,"column":54},"end":{"line":132,"column":55}},"loc":{"start":{"line":132,"column":60},"end":{"line":132,"column":84}},"line":132},"6":{"name":"(anonymous_6)","decl":{"start":{"line":148,"column":55},"end":{"line":148,"column":56}},"loc":{"start":{"line":148,"column":61},"end":{"line":148,"column":79}},"line":148},"7":{"name":"(anonymous_7)","decl":{"start":{"line":174,"column":50},"end":{"line":174,"column":51}},"loc":{"start":{"line":174,"column":61},"end":{"line":176,"column":1}},"line":174},"8":{"name":"(anonymous_8)","decl":{"start":{"line":189,"column":52},"end":{"line":189,"column":53}},"loc":{"start":{"line":189,"column":72},"end":{"line":196,"column":3}},"line":189},"9":{"name":"(anonymous_9)","decl":{"start":{"line":191,"column":27},"end":{"line":191,"column":28}},"loc":{"start":{"line":191,"column":44},"end":{"line":195,"column":5}},"line":191}},"branchMap":{"0":{"loc":{"start":{"line":3,"column":20},"end":{"line":3,"column":97}},"type":"binary-expr","locations":[{"start":{"line":3,"column":20},"end":{"line":3,"column":60}},{"start":{"line":3,"column":64},"end":{"line":3,"column":97}}],"line":3},"1":{"loc":{"start":{"line":6,"column":0},"end":{"line":16,"column":1}},"type":"if","locations":[{"start":{"line":6,"column":0},"end":{"line":16,"column":1}},{"start":{},"end":{}}],"line":6},"2":{"loc":{"start":{"line":6,"column":4},"end":{"line":6,"column":35}},"type":"binary-expr","locations":[{"start":{"line":6,"column":4},"end":{"line":6,"column":19}},{"start":{"line":6,"column":23},"end":{"line":6,"column":35}}],"line":6},"3":{"loc":{"start":{"line":7,"column":2},"end":{"line":9,"column":3}},"type":"if","locations":[{"start":{"line":7,"column":2},"end":{"line":9,"column":3}},{"start":{},"end":{}}],"line":7},"4":{"loc":{"start":{"line":31,"column":4},"end":{"line":33,"column":5}},"type":"if","locations":[{"start":{"line":31,"column":4},"end":{"line":33,"column":5}},{"start":{},"end":{}}],"line":31},"5":{"loc":{"start":{"line":34,"column":4},"end":{"line":36,"column":5}},"type":"if","locations":[{"start":{"line":34,"column":4},"end":{"line":36,"column":5}},{"start":{},"end":{}}],"line":34},"6":{"loc":{"start":{"line":37,"column":4},"end":{"line":39,"column":5}},"type":"if","locations":[{"start":{"line":37,"column":4},"end":{"line":39,"column":5}},{"start":{},"end":{}}],"line":37},"7":{"loc":{"start":{"line":40,"column":4},"end":{"line":42,"column":5}},"type":"if","locations":[{"start":{"line":40,"column":4},"end":{"line":42,"column":5}},{"start":{},"end":{}}],"line":40},"8":{"loc":{"start":{"line":43,"column":4},"end":{"line":45,"column":5}},"type":"if","locations":[{"start":{"line":43,"column":4},"end":{"line":45,"column":5}},{"start":{},"end":{}}],"line":43},"9":{"loc":{"start":{"line":46,"column":4},"end":{"line":55,"column":5}},"type":"switch","locations":[{"start":{"line":47,"column":6},"end":{"line":48,"column":30}},{"start":{"line":49,"column":6},"end":{"line":50,"column":34}},{"start":{"line":51,"column":6},"end":{"line":52,"column":28}},{"start":{"line":53,"column":6},"end":{"line":54,"column":26}}],"line":46},"10":{"loc":{"start":{"line":58,"column":4},"end":{"line":89,"column":5}},"type":"if","locations":[{"start":{"line":58,"column":4},"end":{"line":89,"column":5}},{"start":{},"end":{}}],"line":58},"11":{"loc":{"start":{"line":70,"column":10},"end":{"line":75,"column":11}},"type":"if","locations":[{"start":{"line":70,"column":10},"end":{"line":75,"column":11}},{"start":{},"end":{}}],"line":70},"12":{"loc":{"start":{"line":70,"column":14},"end":{"line":70,"column":62}},"type":"binary-expr","locations":[{"start":{"line":70,"column":14},"end":{"line":70,"column":25}},{"start":{"line":70,"column":29},"end":{"line":70,"column":62}}],"line":70},"13":{"loc":{"start":{"line":72,"column":12},"end":{"line":74,"column":13}},"type":"if","locations":[{"start":{"line":72,"column":12},"end":{"line":74,"column":13}},{"start":{},"end":{}}],"line":72},"14":{"loc":{"start":{"line":90,"column":4},"end":{"line":102,"column":5}},"type":"if","locations":[{"start":{"line":90,"column":4},"end":{"line":102,"column":5}},{"start":{},"end":{}}],"line":90},"15":{"loc":{"start":{"line":103,"column":4},"end":{"line":115,"column":5}},"type":"if","locations":[{"start":{"line":103,"column":4},"end":{"line":115,"column":5}},{"start":{},"end":{}}],"line":103},"16":{"loc":{"start":{"line":116,"column":4},"end":{"line":128,"column":5}},"type":"if","locations":[{"start":{"line":116,"column":4},"end":{"line":128,"column":5}},{"start":{},"end":{}}],"line":116},"17":{"loc":{"start":{"line":129,"column":4},"end":{"line":155,"column":5}},"type":"switch","locations":[{"start":{"line":130,"column":6},"end":{"line":146,"column":17}},{"start":{"line":147,"column":6},"end":{"line":152,"column":17}},{"start":{"line":153,"column":6},"end":{"line":154,"column":20}}],"line":129},"18":{"loc":{"start":{"line":184,"column":0},"end":{"line":187,"column":1}},"type":"if","locations":[{"start":{"line":184,"column":0},"end":{"line":187,"column":1}},{"start":{},"end":{}}],"line":184},"19":{"loc":{"start":{"line":184,"column":4},"end":{"line":184,"column":35}},"type":"binary-expr","locations":[{"start":{"line":184,"column":4},"end":{"line":184,"column":19}},{"start":{"line":184,"column":23},"end":{"line":184,"column":35}}],"line":184},"20":{"loc":{"start":{"line":188,"column":0},"end":{"line":197,"column":1}},"type":"if","locations":[{"start":{"line":188,"column":0},"end":{"line":197,"column":1}},{"start":{},"end":{}}],"line":188},"21":{"loc":{"start":{"line":188,"column":4},"end":{"line":188,"column":35}},"type":"binary-expr","locations":[{"start":{"line":188,"column":4},"end":{"line":188,"column":19}},{"start":{"line":188,"column":23},"end":{"line":188,"column":35}}],"line":188},"22":{"loc":{"start":{"line":192,"column":6},"end":{"line":192,"column":31}},"type":"if","locations":[{"start":{"line":192,"column":6},"end":{"line":192,"column":31}},{"start":{},"end":{}}],"line":192},"23":{"loc":{"start":{"line":194,"column":6},"end":{"line":194,"column":75}},"type":"if","locations":[{"start":{"line":194,"column":6},"end":{"line":194,"column":75}},{"start":{},"end":{}}],"line":194}},"s":{"0":1,"1":1,"2":1,"3":0,"4":1,"5":1,"6":1,"7":1,"8":1,"9":1,"10":1,"11":8,"12":8,"13":8,"14":8,"15":8,"16":8,"17":4,"18":4,"19":0,"20":4,"21":0,"22":4,"23":0,"24":4,"25":0,"26":4,"27":3,"28":0,"29":0,"30":1,"31":8,"32":8,"33":0,"34":0,"35":0,"36":0,"37":0,"38":0,"39":0,"40":0,"41":0,"42":0,"43":0,"44":0,"45":0,"46":0,"47":0,"48":0,"49":0,"50":0,"51":0,"52":0,"53":0,"54":8,"55":0,"56":0,"57":0,"58":8,"59":0,"60":0,"61":0,"62":8,"63":0,"64":0,"65":0,"66":8,"67":3,"68":0,"69":0,"70":0,"71":5,"72":8,"73":1,"74":1,"75":1,"76":1,"77":1,"78":1,"79":1,"80":1,"81":1,"82":1,"83":1,"84":1,"85":0,"86":0,"87":0,"88":0,"89":0},"f":{"0":1,"1":8,"2":8,"3":8,"4":0,"5":0,"6":0,"7":1,"8":1,"9":0},"b":{"0":[1,0],"1":[1,0],"2":[1,1],"3":[0,1],"4":[4,4],"5":[0,4],"6":[0,4],"7":[0,4],"8":[0,4],"9":[3,0,0,1],"10":[0,8],"11":[0,0],"12":[0,0],"13":[0,0],"14":[0,8],"15":[0,8],"16":[0,8],"17":[3,0,5],"18":[1,0],"19":[1,1],"20":[1,0],"21":[1,1],"22":[0,0],"23":[0,0]},"inputSourceMap":{"version":3,"mappings":"AAmDQ,SA0DE,UA1DF;2BAnDR;AAAoB,MAAM,cAAQ,6BAAkB;AAAA;AAAA;AAAA;AAAA;AAAA;AAAA;AAAA;AAAA;AAAA;AAAA;AAAA;AAAA;AAAA;AAAA;AAAA;AACpD,SAASA,gBAAgB;AACzB,SAASC,sBAAsB;AAC/B,OAAOC,eAAe;AACtB,OAAOC,iBAAiB;AACxB,OAAOC,WAAW;AAElB,OAAOC,YAAY;AAEnB,MAAMC,SAASA,CAAC,EAAEC,YAAY,MAAM;AAAAC,KAAA;AAClC,QAAM,CAACC,iBAAiBC,kBAAkB,IAAIV,SAAS,KAAK;AAC5D,QAAMW,WAAWC,YAAY;AAC7B,QAAMC,OAAOF,SAASG;AACtB,QAAMC,iBAAiBA,MAAM;AAE3B,QAAIF,KAAKG,WAAW,eAAe,GAAG;AACpC,aAAO;AAAA,IACT;AAEA,QAAIH,KAAKG,WAAW,WAAW,GAAG;AAChC,aAAO;AAAA,IACT;AAEA,QAAIH,KAAKG,WAAW,eAAe,GAAG;AACpC,aAAO;AAAA,IACT;AAEA,QAAIH,KAAKG,WAAW,UAAU,GAAG;AAC/B,aAAO;AAAA,IACT;AAEA,QAAIH,KAAKG,WAAW,wBAAwB,GAAG;AAC7C,aAAO;AAAA,IACT;AAEA,YAAQH,MAAI;AAAA,MACV,KAAK;AACH,eAAO;AAAA,MACT,KAAK;AACH,eAAO;AAAA,MACT,KAAK;AACH,eAAO;AAAA,MACT;AACE,eAAO;AAAA,IACX;AAAA,EACF;AAEA,QAAMI,mBAAmBA,MAAM;AAE7B,QAAIJ,KAAKG,WAAW,YAAY,GAAG;AACjC,aACE,uBAAC,YAAO,WAAWX,OAAOa,uBAAuB,SAAS,YAAY;AACpE,cAAMC,YAAYN,KAAKO,MAAM,GAAG;AAChC,cAAMC,KAAKF,UAAUA,UAAUG,SAAS,CAAC;AACzC,YAAI;AACF,gBAAMC,WAAW,MAAMnB,MAAMoB,IAAI,GAAGC,YAAYC,IAAIC,mBAAmB,aAAaN,EAAE,WAAW,EAAEO,iBAAiB,MAAMC,cAAc,OAAO,CAAC;AAChJ,gBAAMC,OAAO,IAAIC,KAAK,CAACR,SAASS,IAAI,GAAG,EAAEC,MAAM,mBAAmB,CAAC;AACnE,gBAAMC,MAAMC,OAAOC,IAAIC,gBAAgBP,IAAI;AAC3C,gBAAMQ,IAAIC,SAASC,cAAc,GAAG;AACpCF,YAAEG,OAAOP;AAGT,gBAAMQ,cAAcnB,SAASoB,QAAQ,qBAAqB;AAC1D,cAAIC,WAAW,GAAGvB,EAAE;AACpB,cAAIqB,eAAeA,YAAYG,SAAS,WAAW,GAAG;AACpD,kBAAMC,QAAQJ,YAAYI,MAAM,sBAAsB;AACtD,gBAAIA,QAAQ,CAAC,GAAG;AACdF,yBAAWE,MAAM,CAAC;AAAA,YACpB;AAAA,UACF;AACAR,YAAES,WAAWH;AACbL,mBAASS,KAAKC,YAAYX,CAAC;AAC3BA,YAAEY,MAAM;AACRZ,YAAEa,OAAO;AAAA,QACX,SAASC,OAAO;AACdC,kBAAQD,MAAM,2BAA2BA,KAAK;AAC9CE,gBAAM,2CAA2C;AAAA,QACnD;AAAA,MACF,GAAG,sBA3BH;AAAA;AAAA;AAAA;AAAA,aA2BS;AAAA,IAEb;AAEA,QAAIzC,KAAKG,WAAW,eAAe,GAAG;AACpC,YAAMG,YAAYN,KAAKO,MAAM,GAAG;AAChC,YAAMC,KAAKF,UAAUA,UAAUG,SAAS,CAAC;AACzC,aACE,uBAAC,QAAK,IAAI,aAAaD,EAAE,IAAI,WAAWhB,OAAOkD,MAAM,iCAAC,oBAAD;AAAA;AAAA;AAAA;AAAA,aAAe,KAApE;AAAA;AAAA;AAAA;AAAA,aAAuE;AAAA,IAE3E;AAEA,QAAI1C,KAAKG,WAAW,UAAU,GAAG;AAC/B,YAAMG,YAAYN,KAAKO,MAAM,GAAG;AAChC,YAAMC,KAAKF,UAAUA,UAAUG,SAAS,CAAC;AACzC,aACE,uBAAC,QAAK,IAAI,aAAaD,EAAE,IAAI,WAAWhB,OAAOkD,MAAM,iCAAC,oBAAD;AAAA;AAAA;AAAA;AAAA,aAAe,KAApE;AAAA;AAAA;AAAA;AAAA,aAAuE;AAAA,IAE3E;AAEA,QAAI1C,KAAKG,WAAW,wBAAwB,GAAG;AAC7C,YAAMG,YAAYN,KAAKO,MAAM,GAAG;AAChC,YAAMC,KAAKF,UAAUA,UAAUG,SAAS,CAAC;AACzC,aACE,uBAAC,QAAK,IAAI,aAAaD,EAAE,IAAI,WAAWhB,OAAOkD,MAAM,iCAAC,oBAAD;AAAA;AAAA;AAAA;AAAA,aAAe,KAApE;AAAA;AAAA;AAAA;AAAA,aAAuE;AAAA,IAE3E;AAEA,YAAQ1C,MAAI;AAAA,MACV,KAAK;AACH,eACE,mCACE;AAAA,iCAAC,YAAO,SAAS,MAAMH,mBAAmB,IAAI,GAAG,+BAAjD;AAAA;AAAA;AAAA;AAAA,iBAAgE;AAAA,UAChE,uBAAC,eAAY,QAAQD,iBAAiB,SAASC,sBAA/C;AAAA;AAAA;AAAA;AAAA,iBAAkE;AAAA,aAFpE;AAAA;AAAA;AAAA;AAAA,eAGA;AAAA,MAEJ,KAAK;AACH,eACE,uBAAC,QAAK,SAAS,MAAMH,YAAY,KAAK,GAAG,WAAWF,OAAOmD,YAAY,IAAI,GAAG/B,YAAYC,IAAIC,mBAAmB,WAAW,sBAA5H;AAAA;AAAA;AAAA;AAAA,eAAkI;AAAA,MAEtI;AACE,eAAO;AAAA,IACX;AAAA,EACF;AACA,SACE,uBAAC,YAAO,WAAWtB,OAAOoD,QACxB;AAAA,2BAAC,QAAI1C,yBAAe,KAApB;AAAA;AAAA;AAAA;AAAA,WAAsB;AAAA,IACtB,uBAAC,SAAI,WAAWV,OAAOqD,SAAUzC,2BAAiB,KAAlD;AAAA;AAAA;AAAA;AAAA,WAAoD;AAAA,OAFtD;AAAA;AAAA;AAAA;AAAA,SAGA;AAEJ;AAACT,GAvHKF,QAAM;AAAA,UAEOM,WAAW;AAAA;AAAA+C,KAFxBrD;AAyHNA,OAAOsD,YAAY;AAAA,EACjBrD,aAAaL,UAAU2D,KAAKC;AAC9B;AACA,eAAexD;AAAO,IAAAqD;AAAAI,aAAAJ,IAAA","names":["useState","VscChromeClose","PropTypes","ModalImport","Axios","styles","Header","setVerified","_s","showImportModal","setShowImportModal","location","useLocation","path","pathname","getHeaderTitle","startsWith","getHeaderButtons","buttonGroupSimulation","pathParts","split","id","length","response","get","import","env","VITE_SERVER_ADDRESS","withCredentials","responseType","blob","Blob","data","type","url","window","URL","createObjectURL","a","document","createElement","href","disposition","headers","filename","includes","match","download","body","appendChild","click","remove","error","console","alert","icon","linkButton","header","buttons","_c","propTypes","func","isRequired","$RefreshReg$"],"ignoreList":[],"sources":["C:/Users/sange/CSE416/Final/Brokeify/client/src/components/Header.jsx"],"file":"C:/Users/sange/CSE416/Final/Brokeify/client/src/components/Header.jsx"},"_coverageSchema":"1a1c01bbd47fc00a2c39e90264f33305004495a9","hash":"52b6639165d5394fbd2db46d30fa186ace9881ad"},"C:/Users/sange/CSE416/Final/Brokeify/client/src/components/Layout.jsx":{"path":"C:/Users/sange/CSE416/Final/Brokeify/client/src/components/Layout.jsx","statementMap":{"0":{"start":{"line":3,"column":20},"end":{"line":3,"column":97}},"1":{"start":{"line":6,"column":0},"end":{"line":16,"column":1}},"2":{"start":{"line":7,"column":2},"end":{"line":9,"column":3}},"3":{"start":{"line":8,"column":4},"end":{"line":8,"column":165}},"4":{"start":{"line":10,"column":2},"end":{"line":10,"column":39}},"5":{"start":{"line":11,"column":2},"end":{"line":11,"column":39}},"6":{"start":{"line":12,"column":2},"end":{"line":14,"column":4}},"7":{"start":{"line":13,"column":4},"end":{"line":13,"column":113}},"8":{"start":{"line":15,"column":2},"end":{"line":15,"column":75}},"9":{"start":{"line":21,"column":15},"end":{"line":49,"column":1}},"10":{"start":{"line":22,"column":2},"end":{"line":48,"column":11}},"11":{"start":{"line":50,"column":0},"end":{"line":50,"column":12}},"12":{"start":{"line":51,"column":0},"end":{"line":54,"column":2}},"13":{"start":{"line":57,"column":0},"end":{"line":57,"column":27}},"14":{"start":{"line":58,"column":0},"end":{"line":61,"column":1}},"15":{"start":{"line":59,"column":2},"end":{"line":59,"column":39}},"16":{"start":{"line":60,"column":2},"end":{"line":60,"column":39}},"17":{"start":{"line":62,"column":0},"end":{"line":71,"column":1}},"18":{"start":{"line":63,"column":2},"end":{"line":70,"column":5}},"19":{"start":{"line":64,"column":4},"end":{"line":64,"column":139}},"20":{"start":{"line":65,"column":4},"end":{"line":69,"column":7}},"21":{"start":{"line":66,"column":6},"end":{"line":66,"column":31}},"22":{"start":{"line":66,"column":24},"end":{"line":66,"column":31}},"23":{"start":{"line":67,"column":32},"end":{"line":67,"column":188}},"24":{"start":{"line":68,"column":6},"end":{"line":68,"column":75}},"25":{"start":{"line":68,"column":29},"end":{"line":68,"column":75}}},"fnMap":{"0":{"name":"(anonymous_0)","decl":{"start":{"line":12,"column":24},"end":{"line":12,"column":25}},"loc":{"start":{"line":12,"column":38},"end":{"line":14,"column":3}},"line":12},"1":{"name":"(anonymous_1)","decl":{"start":{"line":21,"column":15},"end":{"line":21,"column":16}},"loc":{"start":{"line":21,"column":46},"end":{"line":49,"column":1}},"line":21},"2":{"name":"(anonymous_2)","decl":{"start":{"line":63,"column":52},"end":{"line":63,"column":53}},"loc":{"start":{"line":63,"column":72},"end":{"line":70,"column":3}},"line":63},"3":{"name":"(anonymous_3)","decl":{"start":{"line":65,"column":27},"end":{"line":65,"column":28}},"loc":{"start":{"line":65,"column":44},"end":{"line":69,"column":5}},"line":65}},"branchMap":{"0":{"loc":{"start":{"line":3,"column":20},"end":{"line":3,"column":97}},"type":"binary-expr","locations":[{"start":{"line":3,"column":20},"end":{"line":3,"column":60}},{"start":{"line":3,"column":64},"end":{"line":3,"column":97}}],"line":3},"1":{"loc":{"start":{"line":6,"column":0},"end":{"line":16,"column":1}},"type":"if","locations":[{"start":{"line":6,"column":0},"end":{"line":16,"column":1}},{"start":{},"end":{}}],"line":6},"2":{"loc":{"start":{"line":6,"column":4},"end":{"line":6,"column":35}},"type":"binary-expr","locations":[{"start":{"line":6,"column":4},"end":{"line":6,"column":19}},{"start":{"line":6,"column":23},"end":{"line":6,"column":35}}],"line":6},"3":{"loc":{"start":{"line":7,"column":2},"end":{"line":9,"column":3}},"type":"if","locations":[{"start":{"line":7,"column":2},"end":{"line":9,"column":3}},{"start":{},"end":{}}],"line":7},"4":{"loc":{"start":{"line":58,"column":0},"end":{"line":61,"column":1}},"type":"if","locations":[{"start":{"line":58,"column":0},"end":{"line":61,"column":1}},{"start":{},"end":{}}],"line":58},"5":{"loc":{"start":{"line":58,"column":4},"end":{"line":58,"column":35}},"type":"binary-expr","locations":[{"start":{"line":58,"column":4},"end":{"line":58,"column":19}},{"start":{"line":58,"column":23},"end":{"line":58,"column":35}}],"line":58},"6":{"loc":{"start":{"line":62,"column":0},"end":{"line":71,"column":1}},"type":"if","locations":[{"start":{"line":62,"column":0},"end":{"line":71,"column":1}},{"start":{},"end":{}}],"line":62},"7":{"loc":{"start":{"line":62,"column":4},"end":{"line":62,"column":35}},"type":"binary-expr","locations":[{"start":{"line":62,"column":4},"end":{"line":62,"column":19}},{"start":{"line":62,"column":23},"end":{"line":62,"column":35}}],"line":62},"8":{"loc":{"start":{"line":66,"column":6},"end":{"line":66,"column":31}},"type":"if","locations":[{"start":{"line":66,"column":6},"end":{"line":66,"column":31}},{"start":{},"end":{}}],"line":66},"9":{"loc":{"start":{"line":68,"column":6},"end":{"line":68,"column":75}},"type":"if","locations":[{"start":{"line":68,"column":6},"end":{"line":68,"column":75}},{"start":{},"end":{}}],"line":68}},"s":{"0":1,"1":1,"2":1,"3":0,"4":1,"5":1,"6":1,"7":1,"8":1,"9":1,"10":8,"11":1,"12":1,"13":1,"14":1,"15":1,"16":1,"17":1,"18":1,"19":1,"20":1,"21":0,"22":0,"23":0,"24":0,"25":0},"f":{"0":1,"1":8,"2":1,"3":0},"b":{"0":[1,0],"1":[1,0],"2":[1,1],"3":[0,1],"4":[1,0],"5":[1,1],"6":[1,0],"7":[1,1],"8":[0,0],"9":[0,0]},"inputSourceMap":{"version":3,"mappings":"AAQM;AARN,OAAOA,oBAAY;AAAU;AAAA;AAAA;AAAA;AAAA;AAAA;AAAA;AAAA;AAAA;AAAA;AAAA;AAAA;AAAA;AAAA;AAAA;AAC7B,OAAOC,YAAY;AACnB,OAAOC,WAAW;AAClB,OAAOC,eAAe;AAEtB,MAAMC,SAASA,CAAC,EAAEC,UAAUC,YAAY,MAAM;AAC5C,SACE,uBAAC,SAAI,IAAIJ,MAAMK,QACb;AAAA,2BAAC,YAAD;AAAA;AAAA;AAAA;AAAA,WAAO;AAAA,IACP,uBAAC,SAAI,IAAIL,MAAMM,aACb;AAAA,6BAAC,UAAO,eAAR;AAAA;AAAA;AAAA;AAAA,aAAiC;AAAA,MACjC,uBAAC,UAAK,IAAIN,MAAMO,SAAUJ,YAA1B;AAAA;AAAA;AAAA;AAAA,aAAmC;AAAA,SAFrC;AAAA;AAAA;AAAA;AAAA,WAGA;AAAA,OALF;AAAA;AAAA;AAAA;AAAA,SAMA;AAEJ;AAAEK,KAVIN;AAYNA,OAAOO,YAAY;AAAA,EACjBN,UAAUF,UAAUS,KAAKC;AAAAA,EACzBP,aAAaH,UAAUW;AACzB;AACA,eAAeV;AAAO,IAAAM;AAAAK,aAAAL,IAAA","names":["Navbar","Header","style","PropTypes","Layout","children","setVerified","layout","pageContent","content","_c","propTypes","node","isRequired","func","$RefreshReg$"],"ignoreList":[],"sources":["C:/Users/sange/CSE416/Final/Brokeify/client/src/components/Layout.jsx"],"file":"C:/Users/sange/CSE416/Final/Brokeify/client/src/components/Layout.jsx"},"_coverageSchema":"1a1c01bbd47fc00a2c39e90264f33305004495a9","hash":"b8540662d0f86adb2b2a928a12cb2cd77c626548"},"C:/Users/sange/CSE416/Final/Brokeify/client/src/components/ScenarioCard.jsx":{"path":"C:/Users/sange/CSE416/Final/Brokeify/client/src/components/ScenarioCard.jsx","statementMap":{"0":{"start":{"line":3,"column":20},"end":{"line":3,"column":97}},"1":{"start":{"line":6,"column":0},"end":{"line":16,"column":1}},"2":{"start":{"line":7,"column":2},"end":{"line":9,"column":3}},"3":{"start":{"line":8,"column":4},"end":{"line":8,"column":165}},"4":{"start":{"line":10,"column":2},"end":{"line":10,"column":39}},"5":{"start":{"line":11,"column":2},"end":{"line":11,"column":39}},"6":{"start":{"line":12,"column":2},"end":{"line":14,"column":4}},"7":{"start":{"line":13,"column":4},"end":{"line":13,"column":119}},"8":{"start":{"line":15,"column":2},"end":{"line":15,"column":75}},"9":{"start":{"line":24,"column":21},"end":{"line":139,"column":1}},"10":{"start":{"line":25,"column":2},"end":{"line":138,"column":11}},"11":{"start":{"line":25,"column":110},"end":{"line":25,"column":137}},"12":{"start":{"line":140,"column":0},"end":{"line":140,"column":18}},"13":{"start":{"line":141,"column":0},"end":{"line":148,"column":2}},"14":{"start":{"line":151,"column":0},"end":{"line":151,"column":33}},"15":{"start":{"line":152,"column":0},"end":{"line":155,"column":1}},"16":{"start":{"line":153,"column":2},"end":{"line":153,"column":39}},"17":{"start":{"line":154,"column":2},"end":{"line":154,"column":39}},"18":{"start":{"line":156,"column":0},"end":{"line":165,"column":1}},"19":{"start":{"line":157,"column":2},"end":{"line":164,"column":5}},"20":{"start":{"line":158,"column":4},"end":{"line":158,"column":145}},"21":{"start":{"line":159,"column":4},"end":{"line":163,"column":7}},"22":{"start":{"line":160,"column":6},"end":{"line":160,"column":31}},"23":{"start":{"line":160,"column":24},"end":{"line":160,"column":31}},"24":{"start":{"line":161,"column":32},"end":{"line":161,"column":194}},"25":{"start":{"line":162,"column":6},"end":{"line":162,"column":75}},"26":{"start":{"line":162,"column":29},"end":{"line":162,"column":75}}},"fnMap":{"0":{"name":"(anonymous_0)","decl":{"start":{"line":12,"column":24},"end":{"line":12,"column":25}},"loc":{"start":{"line":12,"column":38},"end":{"line":14,"column":3}},"line":12},"1":{"name":"(anonymous_1)","decl":{"start":{"line":24,"column":21},"end":{"line":24,"column":22}},"loc":{"start":{"line":24,"column":90},"end":{"line":139,"column":1}},"line":24},"2":{"name":"(anonymous_2)","decl":{"start":{"line":25,"column":104},"end":{"line":25,"column":105}},"loc":{"start":{"line":25,"column":110},"end":{"line":25,"column":137}},"line":25},"3":{"name":"(anonymous_3)","decl":{"start":{"line":157,"column":52},"end":{"line":157,"column":53}},"loc":{"start":{"line":157,"column":72},"end":{"line":164,"column":3}},"line":157},"4":{"name":"(anonymous_4)","decl":{"start":{"line":159,"column":27},"end":{"line":159,"column":28}},"loc":{"start":{"line":159,"column":44},"end":{"line":163,"column":5}},"line":159}},"branchMap":{"0":{"loc":{"start":{"line":3,"column":20},"end":{"line":3,"column":97}},"type":"binary-expr","locations":[{"start":{"line":3,"column":20},"end":{"line":3,"column":60}},{"start":{"line":3,"column":64},"end":{"line":3,"column":97}}],"line":3},"1":{"loc":{"start":{"line":6,"column":0},"end":{"line":16,"column":1}},"type":"if","locations":[{"start":{"line":6,"column":0},"end":{"line":16,"column":1}},{"start":{},"end":{}}],"line":6},"2":{"loc":{"start":{"line":6,"column":4},"end":{"line":6,"column":35}},"type":"binary-expr","locations":[{"start":{"line":6,"column":4},"end":{"line":6,"column":19}},{"start":{"line":6,"column":23},"end":{"line":6,"column":35}}],"line":6},"3":{"loc":{"start":{"line":7,"column":2},"end":{"line":9,"column":3}},"type":"if","locations":[{"start":{"line":7,"column":2},"end":{"line":9,"column":3}},{"start":{},"end":{}}],"line":7},"4":{"loc":{"start":{"line":74,"column":53},"end":{"line":74,"column":92}},"type":"binary-expr","locations":[{"start":{"line":74,"column":53},"end":{"line":74,"column":83}},{"start":{"line":74,"column":87},"end":{"line":74,"column":92}}],"line":74},"5":{"loc":{"start":{"line":152,"column":0},"end":{"line":155,"column":1}},"type":"if","locations":[{"start":{"line":152,"column":0},"end":{"line":155,"column":1}},{"start":{},"end":{}}],"line":152},"6":{"loc":{"start":{"line":152,"column":4},"end":{"line":152,"column":35}},"type":"binary-expr","locations":[{"start":{"line":152,"column":4},"end":{"line":152,"column":19}},{"start":{"line":152,"column":23},"end":{"line":152,"column":35}}],"line":152},"7":{"loc":{"start":{"line":156,"column":0},"end":{"line":165,"column":1}},"type":"if","locations":[{"start":{"line":156,"column":0},"end":{"line":165,"column":1}},{"start":{},"end":{}}],"line":156},"8":{"loc":{"start":{"line":156,"column":4},"end":{"line":156,"column":35}},"type":"binary-expr","locations":[{"start":{"line":156,"column":4},"end":{"line":156,"column":19}},{"start":{"line":156,"column":23},"end":{"line":156,"column":35}}],"line":156},"9":{"loc":{"start":{"line":160,"column":6},"end":{"line":160,"column":31}},"type":"if","locations":[{"start":{"line":160,"column":6},"end":{"line":160,"column":31}},{"start":{},"end":{}}],"line":160},"10":{"loc":{"start":{"line":162,"column":6},"end":{"line":162,"column":75}},"type":"if","locations":[{"start":{"line":162,"column":6},"end":{"line":162,"column":75}},{"start":{},"end":{}}],"line":162}},"s":{"0":1,"1":1,"2":1,"3":0,"4":1,"5":1,"6":1,"7":1,"8":1,"9":1,"10":0,"11":0,"12":1,"13":1,"14":1,"15":1,"16":1,"17":1,"18":1,"19":1,"20":1,"21":1,"22":0,"23":0,"24":0,"25":0,"26":0},"f":{"0":1,"1":0,"2":0,"3":1,"4":0},"b":{"0":[1,0],"1":[1,0],"2":[1,1],"3":[0,1],"4":[0,0],"5":[1,0],"6":[1,1],"7":[1,0],"8":[1,1],"9":[0,0],"10":[0,0]},"inputSourceMap":{"version":3,"mappings":"AAeQ;AAfR,OAAOA,oBAAY;AAAA,MAA2B;AAAA;AAAA;AAAA;AAAA;AAAA;AAAA;AAAA;AAAA;AAAA;AAAA;AAAA;AAAA;AAAA;AAAA;AAC9C,SAASC,sBAAsB;AAC/B,SAASC,qBAAqB;AAC9B,SAASC,oBAAoB;AAC7B,SAASC,mBAAmB;AAC5B,SAASC,YAAY;AACrB,OAAOC,eAAe;AAEtB,MAAMC,eAAeA,CAAC,EAAEC,IAAIC,OAAOC,eAAeC,cAAcC,aAAaC,OAAO,MAAM;AACxF,SACE,uBAAC,QAAK,IAAI,aAAaL,EAAE,IAAI,WAAWR,OAAOc,cAAc,SAAS,MAAMC,QAAQC,IAAI,cAAc,GAEpG;AAAA,2BAAC,SAAI,WAAWhB,OAAOiB,gBAGrB,iCAAC,SAAI,WAAWjB,OAAOS,OAAQA,mBAA/B;AAAA;AAAA;AAAA;AAAA,WAAqC,KAHvC;AAAA;AAAA;AAAA;AAAA,WAIA;AAAA,IAEA,uBAAC,SAAI,WAAWT,OAAOkB,iBAErB;AAAA,6BAAC,SAAI,WAAWlB,OAAOmB,cACrB,iCAAC,OAAE,WAAWnB,OAAOoB,aAAa;AAAA;AAAA,QAAEX;AAAAA,QAAM;AAAA,WAA1C;AAAA;AAAA;AAAA;AAAA,aAA2C,KAD7C;AAAA;AAAA;AAAA;AAAA,aAEA;AAAA,MACA,uBAAC,SAAI,WAAWT,OAAOqB,MACrB;AAAA,+BAAC,SAAI,WAAWrB,OAAOsB,SACrB;AAAA,iCAAC,kBAAe,MAAM,MAAtB;AAAA;AAAA;AAAA;AAAA,iBAAyB;AAAA,UAAG;AAAA,UAAC,uBAAC,UAAMZ,2BAAP;AAAA;AAAA;AAAA;AAAA,iBAAqB;AAAA,aADpD;AAAA;AAAA;AAAA;AAAA,eAEA;AAAA,QACA,uBAAC,SAAI,WAAWV,OAAOsB,SACrB;AAAA,iCAAC,iBAAc,MAAM,MAArB;AAAA;AAAA;AAAA;AAAA,iBAAwB;AAAA,UAAG;AAAA,UAAC,uBAAC,UAAMX,wBAAcY,eAAe,KAAK,SAAzC;AAAA;AAAA;AAAA;AAAA,iBAA+C;AAAA,aAD7E;AAAA;AAAA;AAAA;AAAA,eAEA;AAAA,QACA,uBAAC,SAAI,WAAWvB,OAAOsB,SACrB;AAAA,iCAAC,gBAAa,MAAM,MAApB;AAAA;AAAA;AAAA;AAAA,iBAAuB;AAAA,UAAG;AAAA,UAAC,uBAAC,UAAMV;AAAAA;AAAAA,YAAY;AAAA,eAAnB;AAAA;AAAA;AAAA;AAAA,iBAA+B;AAAA,aAD5D;AAAA;AAAA;AAAA;AAAA,eAEA;AAAA,QACA,uBAAC,SAAI,WAAWZ,OAAOsB,SACrB;AAAA,iCAAC,eAAY,MAAM,MAAnB;AAAA;AAAA;AAAA;AAAA,iBAAsB;AAAA,UAAG;AAAA,UAAC,uBAAC,UAAMT;AAAAA;AAAAA,YAAO;AAAA,eAAd;AAAA;AAAA;AAAA;AAAA,iBAAqB;AAAA,aADjD;AAAA;AAAA;AAAA;AAAA,eAEA;AAAA,WAZF;AAAA;AAAA;AAAA;AAAA,aAaA;AAAA,SAlBF;AAAA;AAAA;AAAA;AAAA,WAmBA;AAAA,OA3BF;AAAA;AAAA;AAAA;AAAA,SA4BA;AAEJ;AAAEW,KAhCIjB;AAmCNA,aAAakB,YAAY;AAAA,EACvBjB,IAAIF,UAAUoB,OAAOC;AAAAA,EACrBlB,OAAOH,UAAUoB,OAAOC;AAAAA,EACxBjB,eAAeJ,UAAUoB;AAAAA,EACzBf,cAAcL,UAAUsB;AAAAA,EACxBhB,aAAaN,UAAUsB;AAAAA,EACvBf,QAAQP,UAAUsB;AACpB;AAEA,eAAerB;AAAa,IAAAiB;AAAAK,aAAAL,IAAA","names":["styles","IoPersonCircle","TbTargetArrow","IoMdCalendar","FaPiggyBank","Link","PropTypes","ScenarioCard","id","title","maritalStatus","targetAmount","investments","events","scenarioCard","console","log","titleContainer","detailContainer","detailHeader","detailTitle","info","infoRow","toLocaleString","_c","propTypes","string","isRequired","number","$RefreshReg$"],"ignoreList":[],"sources":["C:/Users/sange/CSE416/Final/Brokeify/client/src/components/ScenarioCard.jsx"],"file":"C:/Users/sange/CSE416/Final/Brokeify/client/src/components/ScenarioCard.jsx"},"_coverageSchema":"1a1c01bbd47fc00a2c39e90264f33305004495a9","hash":"66529f75c981864b442b0ed4511c308e3e9445cb"},"C:/Users/sange/CSE416/Final/Brokeify/client/src/pages/Home.jsx":{"path":"C:/Users/sange/CSE416/Final/Brokeify/client/src/pages/Home.jsx","statementMap":{"0":{"start":{"line":3,"column":20},"end":{"line":3,"column":97}},"1":{"start":{"line":6,"column":0},"end":{"line":16,"column":1}},"2":{"start":{"line":7,"column":2},"end":{"line":9,"column":3}},"3":{"start":{"line":8,"column":4},"end":{"line":8,"column":165}},"4":{"start":{"line":10,"column":2},"end":{"line":10,"column":39}},"5":{"start":{"line":11,"column":2},"end":{"line":11,"column":39}},"6":{"start":{"line":12,"column":2},"end":{"line":14,"column":4}},"7":{"start":{"line":13,"column":4},"end":{"line":13,"column":106}},"8":{"start":{"line":15,"column":2},"end":{"line":15,"column":75}},"9":{"start":{"line":17,"column":9},"end":{"line":17,"column":23}},"10":{"start":{"line":23,"column":13},"end":{"line":80,"column":1}},"11":{"start":{"line":24,"column":2},"end":{"line":24,"column":7}},"12":{"start":{"line":25,"column":36},"end":{"line":25,"column":48}},"13":{"start":{"line":26,"column":2},"end":{"line":35,"column":9}},"14":{"start":{"line":27,"column":4},"end":{"line":27,"column":65}},"15":{"start":{"line":28,"column":4},"end":{"line":28,"column":42}},"16":{"start":{"line":29,"column":4},"end":{"line":34,"column":7}},"17":{"start":{"line":30,"column":6},"end":{"line":30,"column":52}},"18":{"start":{"line":31,"column":6},"end":{"line":31,"column":34}},"19":{"start":{"line":33,"column":6},"end":{"line":33,"column":61}},"20":{"start":{"line":36,"column":2},"end":{"line":79,"column":11}},"21":{"start":{"line":46,"column":43},"end":{"line":64,"column":7}},"22":{"start":{"line":81,"column":0},"end":{"line":81,"column":41}},"23":{"start":{"line":82,"column":0},"end":{"line":82,"column":10}},"24":{"start":{"line":85,"column":0},"end":{"line":85,"column":25}},"25":{"start":{"line":86,"column":0},"end":{"line":89,"column":1}},"26":{"start":{"line":87,"column":2},"end":{"line":87,"column":39}},"27":{"start":{"line":88,"column":2},"end":{"line":88,"column":39}},"28":{"start":{"line":90,"column":0},"end":{"line":99,"column":1}},"29":{"start":{"line":91,"column":2},"end":{"line":98,"column":5}},"30":{"start":{"line":92,"column":4},"end":{"line":92,"column":132}},"31":{"start":{"line":93,"column":4},"end":{"line":97,"column":7}},"32":{"start":{"line":94,"column":6},"end":{"line":94,"column":31}},"33":{"start":{"line":94,"column":24},"end":{"line":94,"column":31}},"34":{"start":{"line":95,"column":32},"end":{"line":95,"column":181}},"35":{"start":{"line":96,"column":6},"end":{"line":96,"column":75}},"36":{"start":{"line":96,"column":29},"end":{"line":96,"column":75}}},"fnMap":{"0":{"name":"(anonymous_0)","decl":{"start":{"line":12,"column":24},"end":{"line":12,"column":25}},"loc":{"start":{"line":12,"column":38},"end":{"line":14,"column":3}},"line":12},"1":{"name":"(anonymous_1)","decl":{"start":{"line":23,"column":13},"end":{"line":23,"column":14}},"loc":{"start":{"line":23,"column":19},"end":{"line":80,"column":1}},"line":23},"2":{"name":"(anonymous_2)","decl":{"start":{"line":26,"column":12},"end":{"line":26,"column":13}},"loc":{"start":{"line":26,"column":18},"end":{"line":35,"column":3}},"line":26},"3":{"name":"(anonymous_3)","decl":{"start":{"line":29,"column":28},"end":{"line":29,"column":29}},"loc":{"start":{"line":29,"column":42},"end":{"line":32,"column":5}},"line":29},"4":{"name":"(anonymous_4)","decl":{"start":{"line":32,"column":13},"end":{"line":32,"column":14}},"loc":{"start":{"line":32,"column":24},"end":{"line":34,"column":5}},"line":32},"5":{"name":"(anonymous_5)","decl":{"start":{"line":46,"column":6},"end":{"line":46,"column":7}},"loc":{"start":{"line":46,"column":43},"end":{"line":64,"column":7}},"line":46},"6":{"name":"(anonymous_6)","decl":{"start":{"line":91,"column":52},"end":{"line":91,"column":53}},"loc":{"start":{"line":91,"column":72},"end":{"line":98,"column":3}},"line":91},"7":{"name":"(anonymous_7)","decl":{"start":{"line":93,"column":27},"end":{"line":93,"column":28}},"loc":{"start":{"line":93,"column":44},"end":{"line":97,"column":5}},"line":93}},"branchMap":{"0":{"loc":{"start":{"line":3,"column":20},"end":{"line":3,"column":97}},"type":"binary-expr","locations":[{"start":{"line":3,"column":20},"end":{"line":3,"column":60}},{"start":{"line":3,"column":64},"end":{"line":3,"column":97}}],"line":3},"1":{"loc":{"start":{"line":6,"column":0},"end":{"line":16,"column":1}},"type":"if","locations":[{"start":{"line":6,"column":0},"end":{"line":16,"column":1}},{"start":{},"end":{}}],"line":6},"2":{"loc":{"start":{"line":6,"column":4},"end":{"line":6,"column":35}},"type":"binary-expr","locations":[{"start":{"line":6,"column":4},"end":{"line":6,"column":19}},{"start":{"line":6,"column":23},"end":{"line":6,"column":35}}],"line":6},"3":{"loc":{"start":{"line":7,"column":2},"end":{"line":9,"column":3}},"type":"if","locations":[{"start":{"line":7,"column":2},"end":{"line":9,"column":3}},{"start":{},"end":{}}],"line":7},"4":{"loc":{"start":{"line":37,"column":75},"end":{"line":65,"column":5}},"type":"cond-expr","locations":[{"start":{"line":37,"column":116},"end":{"line":45,"column":12}},{"start":{"line":45,"column":15},"end":{"line":65,"column":5}}],"line":37},"5":{"loc":{"start":{"line":86,"column":0},"end":{"line":89,"column":1}},"type":"if","locations":[{"start":{"line":86,"column":0},"end":{"line":89,"column":1}},{"start":{},"end":{}}],"line":86},"6":{"loc":{"start":{"line":86,"column":4},"end":{"line":86,"column":35}},"type":"binary-expr","locations":[{"start":{"line":86,"column":4},"end":{"line":86,"column":19}},{"start":{"line":86,"column":23},"end":{"line":86,"column":35}}],"line":86},"7":{"loc":{"start":{"line":90,"column":0},"end":{"line":99,"column":1}},"type":"if","locations":[{"start":{"line":90,"column":0},"end":{"line":99,"column":1}},{"start":{},"end":{}}],"line":90},"8":{"loc":{"start":{"line":90,"column":4},"end":{"line":90,"column":35}},"type":"binary-expr","locations":[{"start":{"line":90,"column":4},"end":{"line":90,"column":19}},{"start":{"line":90,"column":23},"end":{"line":90,"column":35}}],"line":90},"9":{"loc":{"start":{"line":94,"column":6},"end":{"line":94,"column":31}},"type":"if","locations":[{"start":{"line":94,"column":6},"end":{"line":94,"column":31}},{"start":{},"end":{}}],"line":94},"10":{"loc":{"start":{"line":96,"column":6},"end":{"line":96,"column":75}},"type":"if","locations":[{"start":{"line":96,"column":6},"end":{"line":96,"column":75}},{"start":{},"end":{}}],"line":96}},"s":{"0":1,"1":1,"2":1,"3":0,"4":1,"5":1,"6":1,"7":1,"8":1,"9":1,"10":1,"11":3,"12":3,"13":3,"14":1,"15":1,"16":1,"17":1,"18":1,"19":0,"20":3,"21":0,"22":1,"23":1,"24":1,"25":1,"26":1,"27":1,"28":1,"29":1,"30":1,"31":1,"32":0,"33":0,"34":0,"35":0,"36":0},"f":{"0":1,"1":3,"2":1,"3":1,"4":0,"5":0,"6":1,"7":0},"b":{"0":[1,0],"1":[1,0],"2":[1,1],"3":[0,1],"4":[3,0],"5":[1,0],"6":[1,1],"7":[1,0],"8":[1,1],"9":[0,0],"10":[0,0]},"inputSourceMap":{"version":3,"mappings":"AA2BY,mBACE,cADF;2BA3BZ;AAAmB,oBAAsB;AAAA;AAAA;AAAA;AAAA;AAAA;AAAA;AAAA;AAAA;AAAA;AAAA;AAAA;AAAA;AAAA;AAAA;AAAA;AACzC,SAASA,WAAWC,gBAAgB;AACpC,OAAOC,WAAW;AAClB,OAAOC,kBAAkB;AACzB,OAAOC,WAAW;AAClB,MAAMC,OAAOA,MAAM;AAAAC,KAAA;AAEjB,QAAM,CAACC,WAAWC,YAAY,IAAIP,SAAS,EAAE;AAC7CD,YAAU,MAAM;AACdE,UAAMO,SAASC,UAAUC,YAAYC,IAAIC;AACzCX,UAAMO,SAASK,kBAAkB;AAEjCZ,UAAMa,IAAI,OAAO,EACdC,KAAK,CAACC,aAAa;AAClBC,cAAQC,IAAI,mBAAmBF,SAASG,IAAI;AAC5CZ,mBAAaS,SAASG,IAAI;AAAA,IAC5B,CAAC,EACAC,MAAM,CAACC,UAAU;AAChBJ,cAAQI,MAAM,kCAAkCA,KAAK;AAAA,IACvD,CAAC;AAAA,EACL,GAAG,EAAE;AAEL,SACE,uBAAC,UACC;AAAA,2BAAC,SAAI,WAAWlB,MAAMmB,YAElBhB,oBAAUiB,WAAW,IACnB,mCACE,iCAAC,QAAG,kCAAJ;AAAA;AAAA;AAAA;AAAA,WAAsB,KADxB;AAAA
[...]
rt":{"line":248,"column":4},"end":{"line":248,"column":19}},{"start":{"line":248,"column":23},"end":{"line":248,"column":35}}],"line":248},"13":{"loc":{"start":{"line":252,"column":0},"end":{"line":261,"column":1}},"type":"if","locations":[{"start":{"line":252,"column":0},"end":{"line":261,"column":1}},{"start":{},"end":{}}],"line":252},"14":{"loc":{"start":{"line":252,"column":4},"end":{"line":252,"column":35}},"type":"binary-expr","locations":[{"start":{"line":252,"column":4},"end":{"line":252,"column":19}},{"start":{"line":252,"column":23},"end":{"line":252,"column":35}}],"line":252},"15":{"loc":{"start":{"line":256,"column":6},"end":{"line":256,"column":31}},"type":"if","locations":[{"start":{"line":256,"column":6},"end":{"line":256,"column":31}},{"start":{},"end":{}}],"line":256},"16":{"loc":{"start":{"line":258,"column":6},"end":{"line":258,"column":75}},"type":"if","locations":[{"start":{"line":258,"column":6},"end":{"line":258,"column":75}},{"start":{},"end":{}}],"line":258}},"s":{"0":1,"1":1,"2":1,"3":0,"4":1,"5":1,"6":1,"7":1,"8":1,"9":1,"10":1,"11":0,"12":0,"13":0,"14":0,"15":0,"16":0,"17":0,"18":0,"19":0,"20":0,"21":0,"22":0,"23":0,"24":0,"25":0,"26":0,"27":0,"28":0,"29":0,"30":0,"31":0,"32":0,"33":0,"34":0,"35":0,"36":0,"37":0,"38":0,"39":0,"40":0,"41":0,"42":0,"43":0,"44":0,"45":0,"46":0,"47":0,"48":0,"49":0,"50":0,"51":0,"52":0,"53":0,"54":1,"55":1,"56":1,"57":1,"58":1,"59":1,"60":1,"61":1,"62":1,"63":1,"64":0,"65":0,"66":0,"67":0,"68":0},"f":{"0":1,"1":0,"2":0,"3":0,"4":0,"5":0,"6":0,"7":0,"8":0,"9":0,"10":1,"11":0},"b":{"0":[1,0],"1":[1,0],"2":[1,1],"3":[0,1],"4":[0,0],"5":[0,0],"6":[0,0,0],"7":[0,0],"8":[0,0,0],"9":[0,0],"10":[0,0],"11":[1,0],"12":[1,1],"13":[1,0],"14":[1,1],"15":[0,0],"16":[0,0]},"inputSourceMap":{"version":3,"mappings":"AA2EgB;2BA3EhB;AAAmBA,oBAAiB,OAAO;AAAA;AAAA;AAAA;AAAA;AAAA;AAAA;AAAA;AAAA;AAAA;AAAA;AAAA;AAAA;AAAA;AAAA;AAAA;AAC3C,SAASC,YAAY;AACrB,OAAOC,YAAY;AACnB,OAAOC,WAAW;AAElB,OAAO;AACP,YAAYC,WAAW;AAEvB,OAAOC,YAAY;AAEnB,MAAMC,qBAAqBA,MAAM;AAAAC,KAAA;AAE7B,QAAM,CAACC,WAAWC,YAAY,IAAIC,SAAS,EAAE;AAC7C,QAAM,CAACC,kBAAkBC,mBAAmB,IAAIF,SAAS,EAAE;AAC3D,QAAM,CAACG,gBAAgBC,iBAAiB,IAAIJ,SAAS,EAAE;AACvD,QAAM,CAACK,cAAcC,eAAe,IAAIN,SAAS,EAAE;AACnD,QAAM,CAACO,WAAWC,YAAY,IAAIR,SAAS,KAAK;AAChD,QAAM,CAACS,aAAaC,cAAc,IAAIV,SAAS,IAAI;AAEnDV,YAAU,MAAM;AACZG,UAAMkB,SAASC,UAAUC,YAAYC,IAAIC;AACzCtB,UAAMkB,SAASK,kBAAkB;AACjCvB,UAAMwB,IAAI,gBAAgB,EAAEC,KAAK,CAACC,aAAa;AAC3C,YAAMC,OAAOD,SAASC;AACtB,YAAMtB,aAAYsB,KAAKtB;AACvB,YAAMW,eAAcW,KAAKX;AACzBY,cAAQC,IAAI,mBAAmBF,IAAI;AACnCV,qBAAeD,YAAW;AAC1BV,mBAAaD,UAAS;AAAA,IAC1B,CAAC,EAAEyB,MAAM,CAACC,UAAU;AAChBH,cAAQG,MAAM,6BAA6BA,KAAK;AAAA,IACpD,CAAC;AAAA,EACL,GAAG,EAAE;AAGL,QAAMC,sBAAsB,OAAOC,MAAM;AACrC,UAAMC,MAAMxB;AACZ,QAAI,CAACF,kBAAkB;AACnBK,sBAAgB,2BAA2B;AAC3C;AAAA,IACJ;AACA,QAAIsB,MAAMD,GAAG,KAAKA,MAAM,MAAMA,MAAM,IAAI;AACpCrB,sBAAgB,0CAA0C;AAC1D;AAAA,IACJ;AAEAA,oBAAgB,EAAE;AAClBI,mBAAe,IAAI;AACnBF,iBAAa,IAAI;AAEjB,UAAMqB,WAAWnC,MAAMoC,OAAOJ,EAAEK,aAAa;AAC7CF,aAASG,MAAM;AAEf,QAAI;AACA,YAAMb,WAAW,MAAM1B,MAAMwC;AAAAA,QAAK;AAAA,QAAkB,CAAC;AAAA,QACjD;AAAA,UACIC,QAAQ;AAAA,YACJC,YAAYlC;AAAAA,YACZmC,UAAUT;AAAAA,UACd;AAAA,QACJ;AAAA,MACJ;AACAjB,qBAAeS,SAASC,IAAI;AAC5BZ,mBAAa,KAAK;AAAA,IACtB,SAASgB,OAAO;AACZlB,sBAAgB,0CAA0C;AAC1De,cAAQG,MAAM,qBAAqBA,KAAK;AAAA,IAC5C,UAAC;AACGK,eAASQ,KAAK;AAAA,IAClB;AAAA,EACJ;AAEA,SACI,uBAAC,UACG,iCAAC,SAAI,WAAW1C,OAAO2C,YACnB;AAAA,2BAAC,QAAG,mCAAJ;AAAA;AAAA;AAAA;AAAA,WAAuB;AAAA,IAEvB,uBAAC,SAAI,WAAW3C,OAAO4C,SACnB;AAAA,6BAAC,SAAI,WAAW5C,OAAO6C,OACnB;AAAA,+BAAC,OAAE,kCAAH;AAAA;AAAA;AAAA;AAAA,eAAqB;AAAA,QAErB,uBAAC,YAAO,WAAW7C,OAAO8C,UAAU,OAAOxC,kBAAkB,UAAU,CAACyB,MAAMxB,oBAAoBwB,EAAEgB,OAAOC,KAAK,GAC5G;AAAA,iCAAC,YAAO,OAAM,IAAG,QAAM,MAAC,UAAQ,MAAC,uCAAjC;AAAA;AAAA;AAAA;AAAA,iBAAwD;AAAA,UACvD7C,UAAU8C;AAAAA,YAAI,CAACC,UAAUC,UACtB,uBAAC,YAAmB,OAAOD,SAASE,IAC/BF,mBAASG,QADDF,OAAb;AAAA;AAAA;AAAA;AAAA,mBAEA;AAAA,UACH;AAAA,aANL;AAAA;AAAA;AAAA;AAAA,eAOA;AAAA,WAVJ;AAAA;AAAA;AAAA;AAAA,aAWA;AAAA,MAEA,uBAAC,SACG;AAAA,+BAAC,OAAE,iDAAH;AAAA;AAAA;AAAA;AAAA,eAAoC;AAAA,QACpC;AAAA,UAAC;AAAA;AAAA,YACG,IAAG;AAAA,YACH,MAAK;AAAA,YACL,KAAI;AAAA,YACJ,KAAI;AAAA,YACJ,MAAK;AAAA,YACL,WAAWnD,OAAOsD;AAAAA,YAClB,OAAO9C;AAAAA,YACP,UAAU,CAACuB,MAAMtB,kBAAkBsB,EAAEgB,OAAOC,KAAK;AAAA;AAAA,UARrD;AAAA;AAAA;AAAA;AAAA;AAAA;AAAA;AAAA;AAAA,QAQuD;AAAA,WAV3D;AAAA;AAAA;AAAA;AAAA,aAYA;AAAA,MAECtC,gBAAgB,uBAAC,SAAI,OAAO,EAAE6C,OAAO,MAAM,GAAI7C,0BAA/B;AAAA;AAAA;AAAA;AAAA,aAA4C;AAAA,MAE7D,uBAAC,SAAI,WAAWV,OAAOwD,WACnB,iCAAC,SAAI,WAAWxD,OAAOyD,SACnB;AAAA,+BAAC,SAAI,WAAWzD,OAAO0D,qBAAvB;AAAA;AAAA;AAAA;AAAA,eACA;AAAA,QACA;AAAA,UAAC;AAAA;AAAA,YACG,WAAW,GAAG1D,OAAO2D,aAAa;AAAA,YAClC,cAAW;AAAA,YACX,qBAAkB;AAAA,YAClB,SAAS,CAAC5B,MAAMD,oBAAoBC,CAAC;AAAA,YAErC,iCAAC,UAAK,8BAAN;AAAA;AAAA;AAAA;AAAA,mBAAoB;AAAA;AAAA,UANxB;AAAA;AAAA;AAAA;AAAA;AAAA;AAAA;AAAA;AAAA,QAOA;AAAA,WAVJ;AAAA;AAAA;AAAA;AAAA,aAWA,KAZJ;AAAA;AAAA;AAAA;AAAA,aAaA;AAAA,SA3CJ;AAAA;AAAA;AAAA;AAAA,WA4CA;AAAA,IAEA,uBAAC,SAAI,WAAW/B,OAAO4C,SACnB;AAAA,6BAAC,QAAG,uBAAJ;AAAA;AAAA;AAAA;AAAA,aAAW;AAAA,MACV,CAAChC,aAAaE,gBAAgB,QAC3B,uBAAC,OAAE,OAAO,EAAE8C,WAAW,QAAQC,WAAW,SAAS,GAAG,yGAAtD;AAAA;AAAA;AAAA;AAAA,aAEA;AAAA,MAGHjD,YACG,uBAAC,OAAE,qDAAH;AAAA;AAAA;AAAA;AAAA,aAAwC,IAExCE,gBAAgB,QACZ,uBAAC,SACG;AAAA,+BAAC,OAAE,oCAAH;AAAA;AAAA;AAAA;AAAA,eAAuB;AAAA,QACvB,uBAAC,QAAK,WAAWd,OAAO8D,YAAY,IAAI,0BAA0BhD,WAAW,IAAI,2BAAjF;AAAA;AAAA;AAAA;AAAA,eAEA;AAAA,WAJJ;AAAA;AAAA;AAAA;AAAA,aAKA;AAAA,SAjBZ;AAAA;AAAA;AAAA;AAAA,WAoBA;AAAA,OArEJ;AAAA;AAAA;AAAA;AAAA,SAsEA,KAvEJ;AAAA;AAAA;AAAA;AAAA,SAwEA;AAER;AAAEZ,GAzIID,oBAAkB;AAAA8D,KAAlB9D;AA2IN,eAAeA;AAAmB,IAAA8D;AAAAC,aAAAD,IAAA","names":["useEffect","Link","Layout","Axios","Ladda","styles","ScenarioSimulation","_s","scenarios","setScenarios","useState","selectedScenario","setSelectedScenario","numSimulations","setNumSimulations","errorMessage","setErrorMessage","isRunning","setIsRunning","previousRun","setPreviousRun","defaults","baseURL","import","env","VITE_SERVER_ADDRESS","withCredentials","get","then","response","data","console","log","catch","error","handleRunSimulation","e","num","isNaN","laddaBtn","create","currentTarget","start","post","params","scenarioId","numTimes","stop","background","section","group","dropdown","target","value","map","scenario","index","id","name","simInput","color","buttonBox","buttons","simulationButtons","runSimulation","marginTop","fontStyle","seeResults","_c","$RefreshReg$"],"ignoreList":[],"sources":["C:/Users/sange/CSE416/Final/Brokeify/client/src/pages/SimulationPage.jsx"],"file":"C:/Users/sange/CSE416/Final/Brokeify/client/src/pages/SimulationPage.jsx"},"_coverageSchema":"1a1c01bbd47fc00a2c39e90264f33305004495a9","hash":"81249ad51613383144c5abf6cb1fa4f14b9ad863"},"C:/Users/sange/CSE416/Final/Brokeify/client/src/App.jsx":{"path":"C:/Users/sange/CSE416/Final/Brokeify/client/src/App.jsx","statementMap":{"0":{"start":{"line":3,"column":20},"end":{"line":3,"column":97}},"1":{"start":{"line":6,"column":0},"end":{"line":16,"column":1}},"2":{"start":{"line":7,"column":2},"end":{"line":9,"column":3}},"3":{"start":{"line":8,"column":4},"end":{"line":8,"column":165}},"4":{"start":{"line":10,"column":2},"end":{"line":10,"column":39}},"5":{"start":{"line":11,"column":2},"end":{"line":11,"column":39}},"6":{"start":{"line":12,"column":2},"end":{"line":14,"column":4}},"7":{"start":{"line":13,"column":4},"end":{"line":13,"column":99}},"8":{"start":{"line":15,"column":2},"end":{"line":15,"column":75}},"9":{"start":{"line":17,"column":9},"end":{"line":17,"column":23}},"10":{"start":{"line":45,"column":12},"end":{"line":310,"column":1}},"11":{"start":{"line":46,"column":2},"end":{"line":46,"column":7}},"12":{"start":{"line":47,"column":2},"end":{"line":47,"column":55}},"13":{"start":{"line":48,"column":34},"end":{"line":48,"column":49}},"14":{"start":{"line":49,"column":19},"end":{"line":49,"column":32}},"15":{"start":{"line":50,"column":2},"end":{"line":64,"column":17}},"16":{"start":{"line":51,"column":4},"end":{"line":51,"column":65}},"17":{"start":{"line":52,"column":4},"end":{"line":52,"column":42}},"18":{"start":{"line":53,"column":4},"end":{"line":63,"column":7}},"19":{"start":{"line":54,"column":6},"end":{"line":60,"column":7}},"20":{"start":{"line":55,"column":8},"end":{"line":55,"column":42}},"21":{"start":{"line":56,"column":8},"end":{"line":56,"column":26}},"22":{"start":{"line":58,"column":8},"end":{"line":58,"column":46}},"23":{"start":{"line":59,"column":8},"end":{"line":59,"column":22}},"24":{"start":{"line":62,"column":6},"end":{"line":62,"column":59}},"25":{"start":{"line":65,"column":2},"end":{"line":309,"column":11}},"26":{"start":{"line":311,"column":0},"end":{"line":313,"column":3}},"27":{"start":{"line":312,"column":2},"end":{"line":312,"column":23}},"28":{"start":{"line":314,"column":0},"end":{"line":314,"column":9}},"29":{"start":{"line":317,"column":0},"end":{"line":317,"column":24}},"30":{"start":{"line":318,"column":0},"end":{"line":321,"column":1}},"31":{"start":{"line":319,"column":2},"end":{"line":319,"column":39}},"32":{"start":{"line":320,"column":2},"end":{"line":320,"column":39}},"33":{"start":{"line":322,"column":0},"end":{"line":331,"column":1}},"34":{"start":{"line":323,"column":2},"end":{"line":330,"column":5}},"35":{"start":{"line":324,"column":4},"end":{"line":324,"column":125}},"36":{"start":{"line":325,"column":4},"end":{"line":329,"column":7}},"37":{"start":{"line":326,"column":6},"end":{"line":326,"column":31}},"38":{"start":{"line":326,"column":24},"end":{"line":326,"column":31}},"39":{"start":{"line":327,"column":32},"end":{"line":327,"column":174}},"40":{"start":{"line":328,"column":6},"end":{"line":328,"column":75}},"41":{"start":{"line":328,"column":29},"end":{"line":328,"column":75}}},"fnMap":{"0":{"name":"(anonymous_0)","decl":{"start":{"line":12,"column":24},"end":{"line":12,"column":25}},"loc":{"start":{"line":12,"column":38},"end":{"line":14,"column":3}},"line":12},"1":{"name":"(anonymous_1)","decl":{"start":{"line":45,"column":12},"end":{"line":45,"column":13}},"loc":{"start":{"line":45,"column":18},"end":{"line":310,"column":1}},"line":45},"2":{"name":"(anonymous_2)","decl":{"start":{"line":50,"column":12},"end":{"line":50,"column":13}},"loc":{"start":{"line":50,"column":18},"end":{"line":64,"column":3}},"line":50},"3":{"name":"(anonymous_3)","decl":{"start":{"line":53,"column":24},"end":{"line":53,"column":25}},"loc":{"start":{"line":53,"column":38},"end":{"line":61,"column":5}},"line":53},"4":{"name":"(anonymous_4)","decl":{"start":{"line":61,"column":13},"end":{"line":61,"column":14}},"loc":{"start":{"line":61,"column":24},"end":{"line":63,"column":5}},"line":61},"5":{"name":"(anonymous_5)","decl":{"start":{"line":311,"column":47},"end":{"line":311,"column":48}},"loc":{"start":{"line":311,"column":58},"end":{"line":313,"column":1}},"line":311},"6":{"name":"(anonymous_6)","decl":{"start":{"line":323,"column":52},"end":{"line":323,"column":53}},"loc":{"start":{"line":323,"column":72},"end":{"line":330,"column":3}},"line":323},"7":{"name":"(anonymous_7)","decl":{"start":{"line":325,"column":27},"end":{"line":325,"column":28}},"loc":{"start":{"line":325,"column":44},"end":{"line":329,"column":5}},"line":325}},"branchMap":{"0":{"loc":{"start":{"line":3,"column":20},"end":{"line":3,"column":97}},"type":"binary-expr","locations":[{"start":{"line":3,"column":20},"end":{"line":3,"column":60}},{"start":{"line":3,"column":64},"end":{"line":3,"column":97}}],"line":3},"1":{"loc":{"start":{"line":6,"column":0},"end":{"line":16,"column":1}},"type":"if","locations":[{"start":{"line":6,"column":0},"end":{"line":16,"column":1}},{"start":{},"end":{}}],"line":6},"2":{"loc":{"start":{"line":6,"column":4},"end":{"line":6,"column":35}},"type":"binary-expr","locations":[{"start":{"line":6,"column":4},"end":{"line":6,"column":19}},{"start":{"line":6,"column":23},"end":{"line":6,"column":35}}],"line":6},"3":{"loc":{"start":{"line":7,"column":2},"end":{"line":9,"column":3}},"type":"if","locations":[{"start":{"line":7,"column":2},"end":{"line":9,"column":3}},{"start":{},"end":{}}],"line":7},"4":{"loc":{"start":{"line":54,"column":6},"end":{"line":60,"column":7}},"type":"if","locations":[{"start":{"line":54,"column":6},"end":{"line":60,"column":7}},{"start":{"line":57,"column":13},"end":{"line":60,"column":7}}],"line":54},"5":{"loc":{"start":{"line":318,"column":0},"end":{"line":321,"column":1}},"type":"if","locations":[{"start":{"line":318,"column":0},"end":{"line":321,"column":1}},{"start":{},"end":{}}],"line":318},"6":{"loc":{"start":{"line":318,"column":4},"end":{"line":318,"column":35}},"type":"binary-expr","locations":[{"start":{"line":318,"column":4},"end":{"line":318,"column":19}},{"start":{"line":318,"column":23},"end":{"line":318,"column":35}}],"line":318},"7":{"loc":{"start":{"line":322,"column":0},"end":{"line":331,"column":1}},"type":"if","locations":[{"start":{"line":322,"column":0},"end":{"line":331,"column":1}},{"start":{},"end":{}}],"line":322},"8":{"loc":{"start":{"line":322,"column":4},"end":{"line":322,"column":35}},"type":"binary-expr","locations":[{"start":{"line":322,"column":4},"end":{"line":322,"column":19}},{"start":{"line":322,"column":23},"end":{"line":322,"column":35}}],"line":322},"9":{"loc":{"start":{"line":326,"column":6},"end":{"line":326,"column":31}},"type":"if","locations":[{"start":{"line":326,"column":6},"end":{"line":326,"column":31}},{"start":{},"end":{}}],"line":326},"10":{"loc":{"start":{"line":328,"column":6},"end":{"line":328,"column":75}},"type":"if","locations":[{"start":{"line":328,"column":6},"end":{"line":328,"column":75}},{"start":{},"end":{}}],"line":328}},"s":{"0":1,"1":1,"2":1,"3":0,"4":1,"5":1,"6":1,"7":1,"8":1,"9":1,"10":1,"11":10,"12":10,"13":10,"14":10,"15":10,"16":6,"17":6,"18":6,"19":6,"20":6,"21":6,"22":0,"23":0,"24":0,"25":10,"26":1,"27":1,"28":1,"29":1,"30":1,"31":1,"32":1,"33":1,"34":1,"35":1,"36":1,"37":0,"38":0,"39":0,"40":0,"41":0},"f":{"0":1,"1":10,"2":6,"3":6,"4":0,"5":1,"6":1,"7":0},"b":{"0":[1,0],"1":[1,0],"2":[1,1],"3":[0,1],"4":[6,0],"5":[1,0],"6":[1,1],"7":[1,0],"8":[1,1],"9":[0,0],"10":[0,0]},"inputSourceMap":{"version":3,"mappings":"AA0DI,mBAE6B,cAF7B;2BA1DJ;AAAoBA,oBAAgB,OAAO;AAAA;AAAA;AAAA;AAAA;AAAA;AAAA;AAAA;AAAA;AAAA;AAAA;AAAA;AAAA;AAAA;AAAA;AAAA;AAC3C,SAASC,OAAOC,QAAQC,UAAUC,mBAAmB;AACrD,OAAOC,WAAW;AAClB,OAAO;AAEP,OAAOC,WAAW;AAClB,OAAOC,UAAU;AACjB,OAAOC,aAAa;AACpB,OAAOC,kBAAkB;AACzB,OAAOC,qBAAqB;AAG5B,OAAOC,iBAAiB;AACxB,OAAOC,eAAe;AACtB,OAAOC,qBAAqB;AAC5B,OAAOC,yBAAyB;AAChC,OAAOC,iBAAiB;AACxB,OAAOC,iBAAiB;AACxB,OAAOC,qBAAqB;AAC5B,OAAOC,YAAY;AACnB,OAAOC,sBAAsB;AAC7B,OAAOC,qBAAqB;AAC5B,OAAOC,iBAAiB;AACxB,OAAOC,kBAAkB;AACzB,OAAOC,YAAY;AAEnB,OAAOC,kBAAkB;AACzB,OAAOC,wBAAwB;AAC/B,OAAOC,kBAAkB;AACzB,OAAOC,aAAa;AACpB,OAAOC,oBAAoB;AAC3B,MAAMC,MAAMA,MAAM;AAAAC,KAAA;AAChBC,UAAQC,IAAI,oBAAoBC,OAAOC,YAAY;AAEnD,QAAM,CAACC,UAAUC,WAAW,IAAIpC,SAAS,KAAK;AAC9C,QAAMqC,WAAWjC,YAAY;AAE7BkC,YAAU,MAAM;AACdjC,UAAMkC,SAASC,UAAUC,YAAYC,IAAIC;AACzCtC,UAAMkC,SAASK,kBAAkB;AAEjCvC,UAAMwC,IAAI,GAAG,EACVC,KAAK,CAACC,aAAa;AAClB,UAAIA,SAASC,WAAW,KAAK;AAC3BjB,gBAAQC,IAAI,oBAAoB;AAChCI,oBAAY,IAAI;AAAA,MAClB,OACK;AACHL,gBAAQC,IAAI,wBAAwB;AACpCK,iBAAS,GAAG;AAAA,MACd;AAAA,IACF,CAAC,EACAY,MAAM,CAACC,UAAU;AAChBnB,cAAQmB,MAAM,gCAAgCA,KAAK;AAAA,IACrD,CAAC;AAAA,EACL,GAAG,CAACb,QAAQ,CAAC;AAEb,SACE,mCACE,iCAAC,UACC;AAAA,2BAAC,SAAM,MAAK,KAAI,SAAS,uBAAC,SAAM,YAAP;AAAA;AAAA;AAAA;AAAA,WAA0B,KAAnD;AAAA;AAAA;AAAA;AAAA,WAAuD;AAAA,IACvD,uBAAC,SAAM,MAAK,SAAQ,SAAS,uBAAC,UAAD;AAAA;AAAA;AAAA;AAAA,WAAK,KAAlC;AAAA;AAAA;AAAA;AAAA,WAAsC;AAAA,IACtC,uBAAC,SAAM,MAAK,gBAAe,SAAS,uBAAC,iBAAD;AAAA;AAAA;AAAA;AAAA,WAAY,KAAhD;AAAA;AAAA;AAAA;AAAA,WAAoD;AAAA,IAEpD,uBAAC,SAAM,MAAK,6BAA4B,SAAS,uBAAC,kBAAD;AAAA;AAAA;AAAA;AAAA,WAAa,GAM5D;AAAA,6BAAC,SAAM,OAAK,MAAC,SAAS,uBAAC,YAAS,IAAG,qBAAoB,SAAO,QAAxC;AAAA;AAAA;AAAA;AAAA,aAAwC,KAA9D;AAAA;AAAA;AAAA;AAAA,aAAkE;AAAA,MAClE,uBAAC,SAAM,MAAK,qBAAoB,SAAS,uBAAC,eAAD;AAAA;AAAA;AAAA;AAAA,aAAU,KAAnD;AAAA;AAAA;AAAA;AAAA,aAAuD;AAAA,MACvD,uBAAC,SAAM,MAAK,oBAAmB,SAAS,uBAAC,qBAAD;AAAA;AAAA;AAAA;AAAA,aAAgB,KAAxD;AAAA;AAAA;AAAA;AAAA,aAA4D;AAAA,MAC5D,uBAAC,SAAM,MAAK,wBAAuB,SAAS,uBAAC,yBAAD;AAAA;AAAA;AAAA;AAAA,aAAoB,KAAhE;AAAA;AAAA;AAAA;AAAA,aAAoE;AAAA,MACpE,uBAAC,SAAM,MAAK,6BAA4B,SAAS,uBAAC,yBAAD;AAAA;AAAA;AAAA;AAAA,aAAoB,KAArE;AAAA;AAAA;AAAA;AAAA,aAAyE;AAAA,MAEzE,uBAAC,SAAM,MAAK,eAAc,SAAS,uBAAC,iBAAD;AAAA;AAAA;AAAA;AAAA,aAAY,KAA/C;AAAA;AAAA;AAAA;AAAA,aAAmD;AAAA,MACnD,uBAAC,SAAM,MAAK,gBAAe,SAAS,uBAAC,iBAAD;AAAA;AAAA;AAAA;AAAA,aAAY,KAAhD;AAAA;AAAA;AAAA;AAAA,aAAoD;AAAA,MACpD,uBAAC,SAAM,MAAK,oBAAmB,SAAS,uBAAC,qBAAD;AAAA;AAAA;AAAA;AAAA,aAAgB,KAAxD;AAAA;AAAA;AAAA;AAAA,aAA4D;AAAA,MAC5D,uBAAC,SAAM,MAAK,yBAAwB,SAAS,uBAAC,qBAAD;AAAA;AAAA;AAAA;AAAA,aAAgB,KAA7D;AAAA;AAAA;AAAA;AAAA,aAAiE;AAAA,MAEjE,uBAAC,SAAM,MAAK,UAAS,SAAS,uBAAC,YAAD;AAAA;AAAA;AAAA;AAAA,aAAO,KAArC;AAAA;AAAA;AAAA;AAAA,aAAyC;AAAA,MACzC,uBAAC,SAAM,MAAK,qBAAoB,SAAS,uBAAC,sBAAD;AAAA;AAAA;AAAA;AAAA,aAAiB,KAA1D;AAAA;AAAA;AAAA;AAAA,aAA8D;AAAA,MAC9D,uBAAC,SAAM,MAAK,oBAAmB,SAAS,uBAAC,qBAAD;AAAA;AAAA;AAAA;AAAA,aAAgB,KAAxD;AAAA;AAAA;AAAA;AAAA,aAA4D;AAAA,MAC5D,uBAAC,SAAM,MAAK,gBAAe,SAAS,uBAAC,iBAAD;AAAA;AAAA;AAAA;AAAA,aAAY,KAAhD;AAAA;AAAA;AAAA;AAAA,aAAoD;AAAA,MACpD,uBAAC,SAAM,MAAK,iBAAgB,SAAS,uBAAC,kBAAD;AAAA;AAAA;AAAA;AAAA,aAAa,KAAlD;AAAA;AAAA;AAAA;AAAA,aAAsD;AAAA,SArBxD;AAAA;AAAA;AAAA;AAAA,WAsBA;AAAA,IACA,uBAAC,SAAM,MAAK,oBAAmB,SAAS,uBAAC,qBAAD;AAAA;AAAA;AAAA;AAAA,WAAgB,KAAxD;AAAA;AAAA;AAAA;AAAA,WAA4D;AAAA,IAC5D,uBAAC,SAAM,MAAK,YAAW,SAAS,uBAAC,WAAQ,eAAT;AAAA;AAAA;AAAA;AAAA,WAAkC,KAAlE;AAAA;AAAA;AAAA;AAAA,WAAsE;AAAA,IACtE,uBAAC,SAAM,MAAK,yBAAwB,SAAS,uBAAC,wBAAD;AAAA;AAAA;AAAA;AAAA,WAAmB,KAAhE;AAAA;AAAA;AAAA;AAAA,WAAoE;AAAA,IACpE,uBAAC,SAAM,MAAK,6BAA4B,SAAS,uBAAC,kBAAD;AAAA;AAAA;AAAA;AAAA,WAAa,KAA9D;AAAA;AAAA;AAAA;AAAA,WAAoE;AAAA,IACpE,uBAAC,SAAM,MAAM,wBAAuB,SAAS,uBAAC,aAAD;AAAA;AAAA;AAAA;AAAA,WAAQ,KAArD;AAAA;AAAA;AAAA;AAAA,WAA2D;AAAA,IAC3D,uBAAC,SAAM,MAAK,eAAc,SAAS,uBAAC,oBAAD;AAAA;AAAA;AAAA;AAAA,WAAe,KAAlD;AAAA;AAAA;AAAA;AAAA,WAAsD;AAAA,IAEtD,uBAAC,SAAM,MAAK,iBAAgB,SAAS,uBAAC,kBAAD;AAAA;AAAA;AAAA;AAAA,WAAa,KAAlD;AAAA;AAAA;AAAA;AAAA,WAAsD;AAAA,IACtD,uBAAC,SAAM,MAAK,wCAAuC,SAAS,uBAAC,YAAD;AAAA;AAAA;AAAA;AAAA,WAAO,KAAnE;AAAA;AAAA;AAAA;AAAA,WAAuE;AAAA,OApCzE;AAAA;AAAA;AAAA;AAAA,SAqCA,KAtCF;AAAA;AAAA;AAAA;AAAA,SAuCA;AAEJ;AAEAP,GAtEMD,KAAG;AAAA,UAIUzB,WAAW;AAAA;AAAA+C,KAJxBtB;AAwEN,eAAeA;AAAG,IAAAsB;AAAAC,aAAAD,IAAA","names":["useState","Route","Routes","Navigate","useNavigate","Axios","Login","Home","Profile","ScenarioForm","SharedScenarios","NewScenario","BasicInfo","InvestmentTypes","InvestmentTypesForm","Investments","EventSeries","EventSeriesForm","Limits","SpendingStrategy","ExpenseStrategy","RMDStrategy","RothStrategy","Charts","RouteTesting","ScenarioSimulation","ViewScenario","Sharing","SimulationPage","App","_s","console","log","window","__coverage__","verified","setVerified","navigate","useEffect","defaults","baseURL","import","env","VITE_SERVER_ADDRESS","withCredentials","get","then","response","status","catch","error","_c","$RefreshReg$"],"ignoreList":[],"sources":["C:/Users/sange/CSE416/Final/Brokeify/client/src/App.jsx"],"file":"C:/Users/sange/CSE416/Final/Brokeify/client/src/App.jsx"},"_coverageSchema":"1a1c01bbd47fc00a2c39e90264f33305004495a9","hash":"384da69b655fb210184c9af0da2da7fec2b76ad7"},"C:/Users/sange/CSE416/Final/Brokeify/client/src/main.jsx":{"path":"C:/Users/sange/CSE416/Final/Brokeify/client/src/main.jsx","statementMap":{"0":{"start":{"line":6,"column":0},"end":{"line":18,"column":2}}},"fnMap":{},"branchMap":{},"s":{"0":1},"f":{},"b":{},"inputSourceMap":{"version":3,"mappings":"AASM;AARN,SAASA,kBAAkB;AAC3B,SAASC,iBAAiBC,cAAc;AACxC,OAAO;AACP,OAAOC,SAAS;AAEhBH,WAAWI,SAASC,eAAe,MAAM,CAAC,EAAEC;AAAAA;AAAAA,EAExC,uBAAC,UACC,iCAAC,SAAD;AAAA;AAAA;AAAA;AAAA,SAAI,KADN;AAAA;AAAA;AAAA;AAAA,SAEA;AAAA;AAEJ","names":["createRoot","BrowserRouter","Router","App","document","getElementById","render"],"ignoreList":[],"sources":["C:/Users/sange/CSE416/Final/Brokeify/client/src/main.jsx"],"file":"C:/Users/sange/CSE416/Final/Brokeify/client/src/main.jsx"},"_coverageSchema":"1a1c01bbd47fc00a2c39e90264f33305004495a9","hash":"4a85baf53dc870fa5d6b7ce70b8d70ee91774825"}}